This is pdfTeX, Version 3.141592653-2.6-1.40.23 (MiKTeX 21.10) (preloaded format=pdflatex 2021.11.24)  5 JUL 2022 22:50
entering extended mode
**./PreFinalReport.tex
(PreFinalReport.tex
LaTeX2e <2021-06-01> patch level 1
L3 programming layer <2021-10-18> (Classes/VTU.cls

LaTeX Warning: You have requested document class `Classes/VTU',
               but the document class provides `CUEDthesisPSnPDF'.

Document Class: CUEDthesisPSnPDF 2003/01/11 v1.2 CUED thesis class

(C:\Users\VISHNUTEJA SREEDHAR\AppData\Local\Programs\MiKTeX\tex/latex/base\repo
rt.cls
Document Class: report 2021/02/12 v1.4n Standard LaTeX document class

(C:\Users\VISHNUTEJA SREEDHAR\AppData\Local\Programs\MiKTeX\tex/latex/base\size
12.clo
File: size12.clo 2021/02/12 v1.4n Standard LaTeX file (size option)
)
\c@part=\count182
\c@chapter=\count183
\c@section=\count184
\c@subsection=\count185
\c@subsubsection=\count186
\c@paragraph=\count187
\c@subparagraph=\count188
\c@figure=\count189
\c@table=\count190
\abovecaptionskip=\skip47
\belowcaptionskip=\skip48
\bibindent=\dimen138
)
(C:\Users\VISHNUTEJA SREEDHAR\AppData\Local\Programs\MiKTeX\tex/latex/amsfonts\
amssymb.sty
Package: amssymb 2013/01/14 v3.01 AMS font symbols

(C:\Users\VISHNUTEJA SREEDHAR\AppData\Local\Programs\MiKTeX\tex/latex/amsfonts\
amsfonts.sty
Package: amsfonts 2013/01/14 v3.01 Basic AMSFonts support
\@emptytoks=\toks16
\symAMSa=\mathgroup4
\symAMSb=\mathgroup5
LaTeX Font Info:    Redeclaring math symbol \hbar on input line 98.
LaTeX Font Info:    Overwriting math alphabet `\mathfrak' in version `bold'
(Font)                  U/euf/m/n --> U/euf/b/n on input line 106.
))
(C:\Users\VISHNUTEJA SREEDHAR\AppData\Local\Programs\MiKTeX\tex/latex/graphics\
graphics.sty
Package: graphics 2021/03/04 v1.4d Standard LaTeX Graphics (DPC,SPQR)

(C:\Users\VISHNUTEJA SREEDHAR\AppData\Local\Programs\MiKTeX\tex/latex/graphics\
trig.sty
Package: trig 2016/01/03 v1.10 sin cos tan (DPC)
)
(C:\Users\VISHNUTEJA SREEDHAR\AppData\Local\Programs\MiKTeX\tex/latex/graphics-
cfg\graphics.cfg
File: graphics.cfg 2016/06/04 v1.11 sample graphics configuration
)
Package graphics Info: Driver file: pdftex.def on input line 107.

(C:\Users\VISHNUTEJA SREEDHAR\AppData\Local\Programs\MiKTeX\tex/latex/graphics-
def\pdftex.def
File: pdftex.def 2020/10/05 v1.2a Graphics/color driver for pdftex
))
(C:\Users\VISHNUTEJA SREEDHAR\AppData\Local\Programs\MiKTeX\tex/latex/fancyhdr\
fancyhdr.sty
Package: fancyhdr 2021/01/28 v4.0.1 Extensive control of page headers and foote
rs
\f@nch@headwidth=\skip49
\f@nch@O@elh=\skip50
\f@nch@O@erh=\skip51
\f@nch@O@olh=\skip52
\f@nch@O@orh=\skip53
\f@nch@O@elf=\skip54
\f@nch@O@erf=\skip55
\f@nch@O@olf=\skip56
\f@nch@O@orf=\skip57
)
(C:\Users\VISHNUTEJA SREEDHAR\AppData\Local\Programs\MiKTeX\tex/latex/amsfonts\
eucal.sty
Package: eucal 2009/06/22 v3.00 Euler Script fonts
LaTeX Font Info:    Overwriting math alphabet `\EuScript' in version `bold'
(Font)                  U/eus/m/n --> U/eus/b/n on input line 33.
)
(C:\Users\VISHNUTEJA SREEDHAR\AppData\Local\Programs\MiKTeX\tex/generic/babel\b
abel.sty
Package: babel 2021/10/19 3.65 The Babel package
\babel@savecnt=\count191
\U@D=\dimen139
\l@unhyphenated=\language79

(C:\Users\VISHNUTEJA SREEDHAR\AppData\Local\Programs\MiKTeX\tex/generic/babel\t
xtbabel.def)
\bbl@readstream=\read2
\bbl@dirlevel=\count192

*************************************
* Local config file bblopts.cfg used
*

(C:\Users\VISHNUTEJA SREEDHAR\AppData\Local\Programs\MiKTeX\tex/latex/arabi\bbl
opts.cfg
File: bblopts.cfg 2005/09/08 v0.1 add Arabic and Farsi to "declared" options of
 babel
)
(C:\Users\VISHNUTEJA SREEDHAR\AppData\Local\Programs\MiKTeX\tex/latex/babel-eng
lish\english.ldf
Language: english 2017/06/06 v3.3r English support from the babel system
Package babel Info: Hyphen rules for 'canadian' set to \l@english
(babel)             (\language0). Reported on input line 102.
Package babel Info: Hyphen rules for 'australian' set to \l@ukenglish
(babel)             (\language73). Reported on input line 105.
Package babel Info: Hyphen rules for 'newzealand' set to \l@ukenglish
(babel)             (\language73). Reported on input line 108.
))
(C:\Users\VISHNUTEJA SREEDHAR\AppData\Local\Programs\MiKTeX\tex/latex/graphics\
color.sty
Package: color 2020/02/24 v1.2b Standard LaTeX Color (DPC)

(C:\Users\VISHNUTEJA SREEDHAR\AppData\Local\Programs\MiKTeX\tex/latex/graphics-
cfg\color.cfg
File: color.cfg 2016/01/02 v1.6 sample color configuration
)
Package color Info: Driver file: pdftex.def on input line 149.

(C:\Users\VISHNUTEJA SREEDHAR\AppData\Local\Programs\MiKTeX\tex/latex/graphics\
dvipsnam.def
File: dvipsnam.def 2016/06/17 v3.0m Driver-dependent file (DPC,SPQR)
))
(C:\Users\VISHNUTEJA SREEDHAR\AppData\Local\Programs\MiKTeX\tex/latex/footmisc\
footmisc.sty
Package: footmisc 2011/06/06 v5.5b a miscellany of footnote facilities
\FN@temptoken=\toks17
\footnotemargin=\dimen140
\c@pp@next@reset=\count193
\c@@fnserial=\count194
Package footmisc Info: Declaring symbol style bringhurst on input line 855.
Package footmisc Info: Declaring symbol style chicago on input line 863.
Package footmisc Info: Declaring symbol style wiley on input line 872.
Package footmisc Info: Declaring symbol style lamport-robust on input line 883.

Package footmisc Info: Declaring symbol style lamport* on input line 903.
Package footmisc Info: Declaring symbol style lamport*-robust on input line 924
.
)
(C:\Users\VISHNUTEJA SREEDHAR\AppData\Local\Programs\MiKTeX\tex/latex/natbib\na
tbib.sty
Package: natbib 2010/09/13 8.31b (PWD, AO)
\bibhang=\skip58
\bibsep=\skip59
LaTeX Info: Redefining \cite on input line 694.
\c@NAT@ctr=\count195
)
(C:\Users\VISHNUTEJA SREEDHAR\AppData\Local\Programs\MiKTeX\tex/latex/base\ifth
en.sty
Package: ifthen 2020/11/24 v1.1c Standard LaTeX ifthen package (DPC)
)
(C:\Users\VISHNUTEJA SREEDHAR\AppData\Local\Programs\MiKTeX\tex/generic/iftex\i
fpdf.sty
Package: ifpdf 2019/10/25 v3.4 ifpdf legacy package. Use iftex instead.

(C:\Users\VISHNUTEJA SREEDHAR\AppData\Local\Programs\MiKTeX\tex/generic/iftex\i
ftex.sty
Package: iftex 2020/03/06 v1.0d TeX engine tests
))
(C:\Users\VISHNUTEJA SREEDHAR\AppData\Local\Programs\MiKTeX\tex/latex/nomencl\n
omencl.sty
Package: nomencl 2021/11/10 v5.6 Nomenclature package

(C:\Users\VISHNUTEJA SREEDHAR\AppData\Local\Programs\MiKTeX\tex/latex/xkeyval\x
keyval.sty
Package: xkeyval 2020/11/20 v2.8 package option processing (HA)

(C:\Users\VISHNUTEJA SREEDHAR\AppData\Local\Programs\MiKTeX\tex/generic/xkeyval
\xkeyval.tex
(C:\Users\VISHNUTEJA SREEDHAR\AppData\Local\Programs\MiKTeX\tex/generic/xkeyval
\xkvutils.tex
\XKV@toks=\toks18
\XKV@tempa@toks=\toks19

(C:\Users\VISHNUTEJA SREEDHAR\AppData\Local\Programs\MiKTeX\tex/generic/xkeyval
\keyval.tex))
\XKV@depth=\count196
File: xkeyval.tex 2014/12/03 v2.7a key=value parser (HA)
))
(C:\Users\VISHNUTEJA SREEDHAR\AppData\Local\Programs\MiKTeX\tex/latex/koma-scri
pt\tocbasic.sty
Package: tocbasic 2021/11/13 v3.35 KOMA-Script package (handling toc-files)

(C:\Users\VISHNUTEJA SREEDHAR\AppData\Local\Programs\MiKTeX\tex/latex/koma-scri
pt\scrbase.sty
Package: scrbase 2021/11/13 v3.35 KOMA-Script package (KOMA-Script-independent 
basics and keyval usage)

(C:\Users\VISHNUTEJA SREEDHAR\AppData\Local\Programs\MiKTeX\tex/latex/koma-scri
pt\scrlfile.sty
Package: scrlfile 2021/11/13 v3.35 KOMA-Script package (file load hooks)

(C:\Users\VISHNUTEJA SREEDHAR\AppData\Local\Programs\MiKTeX\tex/latex/koma-scri
pt\scrlfile-hook-3.34.sty
Package: scrlfile-hook-3.34 2021/11/13 v3.35 KOMA-Script package (using LaTeX h
ooks)

(C:\Users\VISHNUTEJA SREEDHAR\AppData\Local\Programs\MiKTeX\tex/latex/koma-scri
pt\scrlogo.sty
Package: scrlogo 2021/11/13 v3.35 KOMA-Script package (logo)
)))
Applying: [2021/05/01] Usage of raw or classic option list on input line 252.
Already applied: [0000/00/00] Usage of raw or classic option list on input line
 368.
)
\scr@dte@tocline@numberwidth=\skip60
\scr@dte@tocline@numbox=\box50
)
Package tocbasic Info: setting babel extension for `nlo' on input line 187.
Package tocbasic Info: setting babel extension for `nls' on input line 188.
\nomlabelwidth=\dimen141
\nom@tempdim=\dimen142
\nomitemsep=\skip61
)
\@nomenclaturefile=\write3
\openout3 = `PreFinalReport.nlo'.

Package nomencl Info: Writing nomenclature file PreFinalReport.nlo on input lin
e 48.

(C:\Users\VISHNUTEJA SREEDHAR\AppData\Local\Programs\MiKTeX\tex/latex/hyperref\
hyperref.sty
Package: hyperref 2021-06-07 v7.00m Hypertext links for LaTeX

(C:\Users\VISHNUTEJA SREEDHAR\AppData\Local\Programs\MiKTeX\tex/generic/ltxcmds
\ltxcmds.sty
Package: ltxcmds 2020-05-10 v1.25 LaTeX kernel commands for general use (HO)
)
(C:\Users\VISHNUTEJA SREEDHAR\AppData\Local\Programs\MiKTeX\tex/generic/pdftexc
mds\pdftexcmds.sty
Package: pdftexcmds 2020-06-27 v0.33 Utility functions of pdfTeX for LuaTeX (HO
)

(C:\Users\VISHNUTEJA SREEDHAR\AppData\Local\Programs\MiKTeX\tex/generic/infware
rr\infwarerr.sty
Package: infwarerr 2019/12/03 v1.5 Providing info/warning/error messages (HO)
)
Package pdftexcmds Info: \pdf@primitive is available.
Package pdftexcmds Info: \pdf@ifprimitive is available.
Package pdftexcmds Info: \pdfdraftmode found.
)
(C:\Users\VISHNUTEJA SREEDHAR\AppData\Local\Programs\MiKTeX\tex/generic/kvsetke
ys\kvsetkeys.sty
Package: kvsetkeys 2019/12/15 v1.18 Key value parser (HO)
)
(C:\Users\VISHNUTEJA SREEDHAR\AppData\Local\Programs\MiKTeX\tex/generic/kvdefin
ekeys\kvdefinekeys.sty
Package: kvdefinekeys 2019-12-19 v1.6 Define keys (HO)
)
(C:\Users\VISHNUTEJA SREEDHAR\AppData\Local\Programs\MiKTeX\tex/generic/pdfesca
pe\pdfescape.sty
Package: pdfescape 2019/12/09 v1.15 Implements pdfTeX's escape features (HO)
)
(C:\Users\VISHNUTEJA SREEDHAR\AppData\Local\Programs\MiKTeX\tex/latex/hycolor\h
ycolor.sty
Package: hycolor 2020-01-27 v1.10 Color options for hyperref/bookmark (HO)
)
(C:\Users\VISHNUTEJA SREEDHAR\AppData\Local\Programs\MiKTeX\tex/latex/letltxmac
ro\letltxmacro.sty
Package: letltxmacro 2019/12/03 v1.6 Let assignment for LaTeX macros (HO)
)
(C:\Users\VISHNUTEJA SREEDHAR\AppData\Local\Programs\MiKTeX\tex/latex/auxhook\a
uxhook.sty
Package: auxhook 2019-12-17 v1.6 Hooks for auxiliary files (HO)
)
(C:\Users\VISHNUTEJA SREEDHAR\AppData\Local\Programs\MiKTeX\tex/latex/kvoptions
\kvoptions.sty
Package: kvoptions 2020-10-07 v3.14 Key value format for package options (HO)
)
\@linkdim=\dimen143
\Hy@linkcounter=\count197
\Hy@pagecounter=\count198

(C:\Users\VISHNUTEJA SREEDHAR\AppData\Local\Programs\MiKTeX\tex/latex/hyperref\
pd1enc.def
File: pd1enc.def 2021-06-07 v7.00m Hyperref: PDFDocEncoding definition (HO)
Now handling font encoding PD1 ...
... no UTF-8 mapping file for font encoding PD1
)
(C:\Users\VISHNUTEJA SREEDHAR\AppData\Local\Programs\MiKTeX\tex/latex/hyperref\
hyperref-langpatches.def
File: hyperref-langpatches.def 2021-06-07 v7.00m Hyperref: patches for babel la
nguages
)
(C:\Users\VISHNUTEJA SREEDHAR\AppData\Local\Programs\MiKTeX\tex/generic/intcalc
\intcalc.sty
Package: intcalc 2019/12/15 v1.3 Expandable calculations with integers (HO)
)
(C:\Users\VISHNUTEJA SREEDHAR\AppData\Local\Programs\MiKTeX\tex/generic/etexcmd
s\etexcmds.sty
Package: etexcmds 2019/12/15 v1.7 Avoid name clashes with e-TeX commands (HO)
)
\Hy@SavedSpaceFactor=\count199

(C:\Users\VISHNUTEJA SREEDHAR\AppData\Local\Programs\MiKTeX\tex/latex/hyperref\
puenc.def
File: puenc.def 2021-06-07 v7.00m Hyperref: PDF Unicode definition (HO)
Now handling font encoding PU ...
... no UTF-8 mapping file for font encoding PU
)

Package hyperref Warning: Values of option `pdfpagelayout':
(hyperref)                * `SinglePage'
(hyperref)                * `OneColumn'
(hyperref)                * `TwoColumnLeft'
(hyperref)                * `TwoColumnRight'
(hyperref)                * `TwoPageLeft' (PDF 1.5)
(hyperref)                * `TwoPageRight' (PDF 1.5)
(hyperref)                * An empty value disables the option.
(hyperref)                Unknown value `useoutlines' on input line 4073.

Package hyperref Info: Option `bookmarks' set `true' on input line 4073.
Package hyperref Info: Option `bookmarksopen' set `true' on input line 4073.
Package hyperref Info: Option `bookmarksnumbered' set `true' on input line 4073
.
Package hyperref Info: Option `breaklinks' set `true' on input line 4073.
Package hyperref Info: Option `linktocpage' set `true' on input line 4073.
Package hyperref Info: Option `colorlinks' set `true' on input line 4073.
Package hyperref Info: Option `hyperindex' set `true' on input line 4073.
Package hyperref Info: Option `hyperfigures' set `true' on input line 4073.
Package hyperref Info: Hyper figures ON on input line 4190.
Package hyperref Info: Link nesting OFF on input line 4197.
Package hyperref Info: Hyper index ON on input line 4200.
Package hyperref Info: Plain pages OFF on input line 4207.
Package hyperref Info: Backreferencing OFF on input line 4212.
Package hyperref Info: Implicit mode ON; LaTeX internals redefined.
Package hyperref Info: Bookmarks ON on input line 4445.
\c@Hy@tempcnt=\count266

(C:\Users\VISHNUTEJA SREEDHAR\AppData\Local\Programs\MiKTeX\tex/latex/url\url.s
ty
\Urlmuskip=\muskip16
Package: url 2013/09/16  ver 3.4  Verb mode for urls, etc.
)
LaTeX Info: Redefining \url on input line 4804.
\XeTeXLinkMargin=\dimen144

(C:\Users\VISHNUTEJA SREEDHAR\AppData\Local\Programs\MiKTeX\tex/generic/bitset\
bitset.sty
Package: bitset 2019/12/09 v1.3 Handle bit-vector datatype (HO)

(C:\Users\VISHNUTEJA SREEDHAR\AppData\Local\Programs\MiKTeX\tex/generic/bigintc
alc\bigintcalc.sty
Package: bigintcalc 2019/12/15 v1.5 Expandable calculations on big integers (HO
)
))
\Fld@menulength=\count267
\Field@Width=\dimen145
\Fld@charsize=\dimen146
Package hyperref Info: Hyper figures ON on input line 6074.
Package hyperref Info: Link nesting OFF on input line 6081.
Package hyperref Info: Hyper index ON on input line 6084.
Package hyperref Info: backreferencing OFF on input line 6091.
Package hyperref Info: Link coloring ON on input line 6094.
Package hyperref Info: Link coloring with OCG OFF on input line 6101.
Package hyperref Info: PDF/A mode OFF on input line 6106.
LaTeX Info: Redefining \ref on input line 6146.
LaTeX Info: Redefining \pageref on input line 6150.

(C:\Users\VISHNUTEJA SREEDHAR\AppData\Local\Programs\MiKTeX\tex/latex/base\atbe
gshi-ltx.sty
Package: atbegshi-ltx 2021/01/10 v1.0c Emulation of the original atbegshi
package with kernel methods
)
\Hy@abspage=\count268
\c@Item=\count269
\c@Hfootnote=\count270
)
Package hyperref Info: Driver: hpdftex.

(C:\Users\VISHNUTEJA SREEDHAR\AppData\Local\Programs\MiKTeX\tex/latex/hyperref\
hpdftex.def
File: hpdftex.def 2021-06-07 v7.00m Hyperref driver for pdfTeX

(C:\Users\VISHNUTEJA SREEDHAR\AppData\Local\Programs\MiKTeX\tex/latex/base\atve
ryend-ltx.sty
Package: atveryend-ltx 2020/08/19 v1.0a Emulation of the original atvery packag
e
with kernel methods
)
\Fld@listcount=\count271
\c@bookmark@seq@number=\count272

(C:\Users\VISHNUTEJA SREEDHAR\AppData\Local\Programs\MiKTeX\tex/latex/rerunfile
check\rerunfilecheck.sty
Package: rerunfilecheck 2019/12/05 v1.9 Rerun checks for auxiliary files (HO)

(C:\Users\VISHNUTEJA SREEDHAR\AppData\Local\Programs\MiKTeX\tex/generic/uniquec
ounter\uniquecounter.sty
Package: uniquecounter 2019/12/15 v1.4 Provide unlimited unique counter (HO)
)
Package uniquecounter Info: New unique counter `rerunfilecheck' on input line 2
86.
)
\Hy@SectionHShift=\skip62
)
(C:\Users\VISHNUTEJA SREEDHAR\AppData\Local\Programs\MiKTeX\tex/latex/graphics\
graphicx.sty
Package: graphicx 2020/12/05 v1.2c Enhanced LaTeX Graphics (DPC,SPQR)
\Gin@req@height=\dimen147
\Gin@req@width=\dimen148
))
(C:\Users\VISHNUTEJA SREEDHAR\AppData\Local\Programs\MiKTeX\tex/latex/tools\mul
ticol.sty
Package: multicol 2019/12/09 v1.8y multicolumn formatting (FMi)
\c@tracingmulticols=\count273
\mult@box=\box51
\multicol@leftmargin=\dimen149
\c@unbalance=\count274
\c@collectmore=\count275
\doublecol@number=\count276
\multicoltolerance=\count277
\multicolpretolerance=\count278
\full@width=\dimen150
\page@free=\dimen151
\premulticols=\dimen152
\postmulticols=\dimen153
\multicolsep=\skip63
\multicolbaselineskip=\skip64
\partial@page=\box52
\last@line=\box53
\maxbalancingoverflow=\dimen154
\mult@rightbox=\box54
\mult@grightbox=\box55
\mult@gfirstbox=\box56
\mult@firstbox=\box57
\@tempa=\box58
\@tempa=\box59
\@tempa=\box60
\@tempa=\box61
\@tempa=\box62
\@tempa=\box63
\@tempa=\box64
\@tempa=\box65
\@tempa=\box66
\@tempa=\box67
\@tempa=\box68
\@tempa=\box69
\@tempa=\box70
\@tempa=\box71
\@tempa=\box72
\@tempa=\box73
\@tempa=\box74
\@tempa=\box75
\@tempa=\box76
\@tempa=\box77
\@tempa=\box78
\@tempa=\box79
\@tempa=\box80
\@tempa=\box81
\@tempa=\box82
\@tempa=\box83
\@tempa=\box84
\@tempa=\box85
\@tempa=\box86
\@tempa=\box87
\@tempa=\box88
\@tempa=\box89
\@tempa=\box90
\@tempa=\box91
\@tempa=\box92
\@tempa=\box93
\@tempa=\box94
\c@minrows=\count279
\c@columnbadness=\count280
\c@finalcolumnbadness=\count281
\last@try=\dimen155
\multicolovershoot=\dimen156
\multicolundershoot=\dimen157
\mult@nat@firstbox=\box95
\colbreak@box=\box96
\mc@col@check@num=\count282
)
(C:\Users\VISHNUTEJA SREEDHAR\AppData\Local\Programs\MiKTeX\tex/latex/geometry\
geometry.sty
Package: geometry 2020/01/02 v5.9 Page Geometry

(C:\Users\VISHNUTEJA SREEDHAR\AppData\Local\Programs\MiKTeX\tex/generic/iftex\i
fvtex.sty
Package: ifvtex 2019/10/25 v1.7 ifvtex legacy package. Use iftex instead.
)
\Gm@cnth=\count283
\Gm@cntv=\count284
\c@Gm@tempcnt=\count285
\Gm@bindingoffset=\dimen158
\Gm@wd@mp=\dimen159
\Gm@odd@mp=\dimen160
\Gm@even@mp=\dimen161
\Gm@layoutwidth=\dimen162
\Gm@layoutheight=\dimen163
\Gm@layouthoffset=\dimen164
\Gm@layoutvoffset=\dimen165
\Gm@dimlist=\toks20

(C:\Users\VISHNUTEJA SREEDHAR\AppData\Local\Programs\MiKTeX\tex/latex/geometry\
geometry.cfg))
(C:\Users\VISHNUTEJA SREEDHAR\AppData\Local\Programs\MiKTeX\tex/latex/wrapfig\w
rapfig.sty
\wrapoverhang=\dimen166
\WF@size=\dimen167
\c@WF@wrappedlines=\count286
\WF@box=\box97
\WF@everypar=\toks21
Package: wrapfig 2003/01/31  v 3.6
)
(C:\Users\VISHNUTEJA SREEDHAR\AppData\Local\Programs\MiKTeX\tex/latex/tools\tab
ularx.sty
Package: tabularx 2020/01/15 v2.11c `tabularx' package (DPC)

(C:\Users\VISHNUTEJA SREEDHAR\AppData\Local\Programs\MiKTeX\tex/latex/tools\arr
ay.sty
Package: array 2021/04/20 v2.5e Tabular extension package (FMi)
\col@sep=\dimen168
\ar@mcellbox=\box98
\extrarowheight=\dimen169
\NC@list=\toks22
\extratabsurround=\skip65
\backup@length=\skip66
\ar@cellbox=\box99
)
\TX@col@width=\dimen170
\TX@old@table=\dimen171
\TX@old@col=\dimen172
\TX@target=\dimen173
\TX@delta=\dimen174
\TX@cols=\count287
\TX@ftn=\toks23
)
(C:\Users\VISHNUTEJA SREEDHAR\AppData\Local\Programs\MiKTeX\tex/latex/multirow\
multirow.sty
Package: multirow 2021/03/15 v2.8 Span multiple rows of a table
\multirow@colwidth=\skip67
\multirow@cntb=\count288
\multirow@dima=\skip68
\bigstrutjot=\dimen175
)
(C:\Users\VISHNUTEJA SREEDHAR\AppData\Local\Programs\MiKTeX\tex/latex/graphics\
epsfig.sty
Package: epsfig 2017/06/25 v1.7b (e)psfig emulation (SPQR)
\epsfxsize=\dimen176
\epsfysize=\dimen177
)
(C:\Users\VISHNUTEJA SREEDHAR\AppData\Local\Programs\MiKTeX\tex/latex/tools\enu
merate.sty
Package: enumerate 2015/07/23 v3.00 enumerate extensions (DPC)
\@enLab=\toks24
)
(C:\Users\VISHNUTEJA SREEDHAR\AppData\Local\Programs\MiKTeX\tex/latex/amsmath\a
msmath.sty
Package: amsmath 2021/04/20 v2.17j AMS math features
\@mathmargin=\skip69

For additional information on amsmath, use the `?' option.

(C:\Users\VISHNUTEJA SREEDHAR\AppData\Local\Programs\MiKTeX\tex/latex/amsmath\a
mstext.sty
Package: amstext 2000/06/29 v2.01 AMS text

(C:\Users\VISHNUTEJA SREEDHAR\AppData\Local\Programs\MiKTeX\tex/latex/amsmath\a
msgen.sty
File: amsgen.sty 1999/11/30 v2.0 generic functions
\@emptytoks=\toks25
\ex@=\dimen178
))
(C:\Users\VISHNUTEJA SREEDHAR\AppData\Local\Programs\MiKTeX\tex/latex/amsmath\a
msbsy.sty
Package: amsbsy 1999/11/29 v1.2d Bold Symbols
\pmbraise@=\dimen179
)
(C:\Users\VISHNUTEJA SREEDHAR\AppData\Local\Programs\MiKTeX\tex/latex/amsmath\a
msopn.sty
Package: amsopn 2016/03/08 v2.02 operator names
)
\inf@bad=\count289
LaTeX Info: Redefining \frac on input line 234.
\uproot@=\count290
\leftroot@=\count291
LaTeX Info: Redefining \overline on input line 399.
\classnum@=\count292
\DOTSCASE@=\count293
LaTeX Info: Redefining \ldots on input line 496.
LaTeX Info: Redefining \dots on input line 499.
LaTeX Info: Redefining \cdots on input line 620.
\Mathstrutbox@=\box100
\strutbox@=\box101
\big@size=\dimen180
LaTeX Font Info:    Redeclaring font encoding OML on input line 743.
LaTeX Font Info:    Redeclaring font encoding OMS on input line 744.
\macc@depth=\count294
\c@MaxMatrixCols=\count295
\dotsspace@=\muskip17
\c@parentequation=\count296
\dspbrk@lvl=\count297
\tag@help=\toks26
\row@=\count298
\column@=\count299
\maxfields@=\count300
\andhelp@=\toks27
\eqnshift@=\dimen181
\alignsep@=\dimen182
\tagshift@=\dimen183
\tagwidth@=\dimen184
\totwidth@=\dimen185
\lineht@=\dimen186
\@envbody=\toks28
\multlinegap=\skip70
\multlinetaggap=\skip71
\mathdisplay@stack=\toks29
LaTeX Info: Redefining \[ on input line 2923.
LaTeX Info: Redefining \] on input line 2924.
)
(C:\Users\VISHNUTEJA SREEDHAR\AppData\Local\Programs\MiKTeX\tex/latex/amscls\am
sthm.sty
Package: amsthm 2020/05/29 v2.20.6
\thm@style=\toks30
\thm@bodyfont=\toks31
\thm@headfont=\toks32
\thm@notefont=\toks33
\thm@headpunct=\toks34
\thm@preskip=\skip72
\thm@postskip=\skip73
\thm@headsep=\skip74
\dth@everypar=\toks35
)
(C:\Users\VISHNUTEJA SREEDHAR\AppData\Local\Programs\MiKTeX\tex/latex/amsmath\a
mscd.sty
Package: amscd 2017/04/14 v2.1 AMS Commutative Diagrams
\athelp@=\toks36
\minaw@=\dimen187
\bigaw@=\dimen188
\minCDarrowwidth=\dimen189
)
(C:\Users\VISHNUTEJA SREEDHAR\AppData\Local\Programs\MiKTeX\tex/latex/graphics\
rotating.sty
Package: rotating 2016/08/11 v2.16d rotated objects in LaTeX
\c@r@tfl@t=\count301
\rotFPtop=\skip75
\rotFPbot=\skip76
\rot@float@box=\box102
\rot@mess@toks=\toks37
)
(C:\Users\VISHNUTEJA SREEDHAR\AppData\Local\Programs\MiKTeX\tex/latex/algorithm
s\algorithm.sty
Package: algorithm 2009/08/24 v0.1 Document Style `algorithm' - floating enviro
nment

(C:\Users\VISHNUTEJA SREEDHAR\AppData\Local\Programs\MiKTeX\tex/latex/float\flo
at.sty
Package: float 2001/11/08 v1.3d Float enhancements (AL)
\c@float@type=\count302
\float@exts=\toks38
\float@box=\box103
\@float@everytoks=\toks39
\@floatcapt=\box104
)
\@float@every@algorithm=\toks40
\c@algorithm=\count303
)
(C:\Users\VISHNUTEJA SREEDHAR\AppData\Local\Programs\MiKTeX\tex/latex/algorithm
s\algorithmic.sty
Package: algorithmic 2009/08/24 v0.1 Document Style `algorithmic'
\c@ALC@unique=\count304
\c@ALC@line=\count305
\c@ALC@rem=\count306
\c@ALC@depth=\count307
\ALC@tlm=\skip77
\algorithmicindent=\skip78
)
(C:\Users\VISHNUTEJA SREEDHAR\AppData\Local\Programs\MiKTeX\tex/latex/setspace\
setspace.sty
Package: setspace 2011/12/19 v6.7a set line spacing
)
(C:\Users\VISHNUTEJA SREEDHAR\AppData\Local\Programs\MiKTeX\tex/latex/base\font
enc.sty
Package: fontenc 2021/04/29 v2.0v Standard LaTeX package
)
(C:\Users\VISHNUTEJA SREEDHAR\AppData\Local\Programs\MiKTeX\tex/latex/base\allt
t.sty
Package: alltt 2021/01/29 v2.0g defines alltt environment
)
(C:\Users\VISHNUTEJA SREEDHAR\AppData\Local\Programs\MiKTeX\tex/latex/pdfpages\
pdfpages.sty
Package: pdfpages 2021/03/06 v0.5t Insert pages of external PDF documents (AM)

(C:\Users\VISHNUTEJA SREEDHAR\AppData\Local\Programs\MiKTeX\tex/latex/tools\cal
c.sty
Package: calc 2017/05/25 v4.3 Infix arithmetic (KKT,FJ)
\calc@Acount=\count308
\calc@Bcount=\count309
\calc@Adimen=\dimen190
\calc@Bdimen=\dimen191
\calc@Askip=\skip79
\calc@Bskip=\skip80
LaTeX Info: Redefining \setlength on input line 80.
LaTeX Info: Redefining \addtolength on input line 81.
\calc@Ccount=\count310
\calc@Cskip=\skip81
)
(C:\Users\VISHNUTEJA SREEDHAR\AppData\Local\Programs\MiKTeX\tex/latex/eso-pic\e
so-pic.sty
Package: eso-pic 2020/10/14 v3.0a eso-pic (RN)
\ESO@tempdima=\dimen192
\ESO@tempdimb=\dimen193
)
\AM@pagewidth=\dimen194
\AM@pageheight=\dimen195
\AM@fboxrule=\dimen196

(C:\Users\VISHNUTEJA SREEDHAR\AppData\Local\Programs\MiKTeX\tex/latex/pdfpages\
pppdftex.def
File: pppdftex.def 2021/03/06 v0.5t Pdfpages driver for pdfTeX (AM)
)
\pdfpages@includegraphics@status=\count311
\AM@pagebox=\box105
\AM@global@opts=\toks41
\AM@pagecnt=\count312
\AM@toc@title=\toks42
\c@AM@survey=\count313
\AM@templatesizebox=\box106
)
(C:\Users\VISHNUTEJA SREEDHAR\AppData\Local\Programs\MiKTeX\tex/latex/makecell\
makecell.sty
Package: makecell 2009/08/03 V0.1e Managing of Tab Column Heads and Cells
\rotheadsize=\dimen197
\c@nlinenum=\count314
\TeXr@lab=\toks43
)
(C:\Users\VISHNUTEJA SREEDHAR\AppData\Local\Programs\MiKTeX\tex/latex/l3backend
\l3backend-pdftex.def
File: l3backend-pdftex.def 2021-10-18 L3 backend support: PDF output (pdfTeX)
\l__color_backend_stack_int=\count315
\l__pdf_internal_box=\box107
) (PreFinalReport.aux)
\openout1 = `PreFinalReport.aux'.

LaTeX Font Info:    Checking defaults for OML/cmm/m/it on input line 49.
LaTeX Font Info:    ... okay on input line 49.
LaTeX Font Info:    Checking defaults for OMS/cmsy/m/n on input line 49.
LaTeX Font Info:    ... okay on input line 49.
LaTeX Font Info:    Checking defaults for OT1/cmr/m/n on input line 49.
LaTeX Font Info:    ... okay on input line 49.
LaTeX Font Info:    Checking defaults for T1/cmr/m/n on input line 49.
LaTeX Font Info:    ... okay on input line 49.
LaTeX Font Info:    Checking defaults for TS1/cmr/m/n on input line 49.
LaTeX Font Info:    ... okay on input line 49.
LaTeX Font Info:    Checking defaults for OMX/cmex/m/n on input line 49.
LaTeX Font Info:    ... okay on input line 49.
LaTeX Font Info:    Checking defaults for U/cmr/m/n on input line 49.
LaTeX Font Info:    ... okay on input line 49.
LaTeX Font Info:    Checking defaults for PD1/pdf/m/n on input line 49.
LaTeX Font Info:    ... okay on input line 49.
LaTeX Font Info:    Checking defaults for PU/pdf/m/n on input line 49.
LaTeX Font Info:    ... okay on input line 49.

(C:\Users\VISHNUTEJA SREEDHAR\AppData\Local\Programs\MiKTeX\tex/context/base/mk
ii\supp-pdf.mkii
[Loading MPS to PDF converter (version 2006.09.02).]
\scratchcounter=\count316
\scratchdimen=\dimen198
\scratchbox=\box108
\nofMPsegments=\count317
\nofMParguments=\count318
\everyMPshowfont=\toks44
\MPscratchCnt=\count319
\MPscratchDim=\dimen199
\MPnumerator=\count320
\makeMPintoPDFobject=\count321
\everyMPtoPDFconversion=\toks45
)
(C:\Users\VISHNUTEJA SREEDHAR\AppData\Local\Programs\MiKTeX\tex/latex/epstopdf-
pkg\epstopdf-base.sty
Package: epstopdf-base 2020-01-24 v2.11 Base part for package epstopdf
Package epstopdf-base Info: Redefining graphics rule for `.eps' on input line 4
85.

(C:\Users\VISHNUTEJA SREEDHAR\AppData\Local\Programs\MiKTeX\tex/latex/00miktex\
epstopdf-sys.cfg
File: epstopdf-sys.cfg 2021/03/18 v2.0 Configuration of epstopdf for MiKTeX
))
Package hyperref Info: Link coloring ON on input line 49.

(C:\Users\VISHNUTEJA SREEDHAR\AppData\Local\Programs\MiKTeX\tex/latex/hyperref\
nameref.sty
Package: nameref 2021-04-02 v2.47 Cross-referencing by name of section

(C:\Users\VISHNUTEJA SREEDHAR\AppData\Local\Programs\MiKTeX\tex/latex/refcount\
refcount.sty
Package: refcount 2019/12/15 v3.6 Data extraction from label references (HO)
)
(C:\Users\VISHNUTEJA SREEDHAR\AppData\Local\Programs\MiKTeX\tex/generic/gettitl
estring\gettitlestring.sty
Package: gettitlestring 2019/12/15 v1.6 Cleanup title references (HO)
)
\c@section@level=\count322
)
LaTeX Info: Redefining \ref on input line 49.
LaTeX Info: Redefining \pageref on input line 49.
LaTeX Info: Redefining \nameref on input line 49.
 (PreFinalReport.out) (PreFinalReport.out)
\@outlinefile=\write4
\openout4 = `PreFinalReport.out'.


*geometry* driver: auto-detecting
*geometry* detected driver: pdftex
*geometry* verbose mode - [ preamble ] result:
* driver: pdftex
* paper: <default>
* layout: <same size as paper>
* layoutoffset:(h,v)=(0.0pt,0.0pt)
* modes: 
* h-part:(L,W,R)=(89.62709pt, 418.25368pt, 89.6271pt)
* v-part:(T,H,B)=(101.40665pt, 591.5302pt, 152.11pt)
* \paperwidth=597.50787pt
* \paperheight=845.04684pt
* \textwidth=418.25368pt
* \textheight=591.5302pt
* \oddsidemargin=17.3571pt
* \evensidemargin=17.3571pt
* \topmargin=-38.51184pt
* \headheight=39.19576pt
* \headsep=28.45274pt
* \topskip=12.0pt
* \footskip=67.14851pt
* \marginparwidth=85.35826pt
* \marginparsep=2.84526pt
* \columnsep=10.0pt
* \skip\footins=10.8pt plus 4.0pt minus 2.0pt
* \hoffset=0.0pt
* \voffset=0.0pt
* \mag=1000
* \@twocolumnfalse
* \@twosidefalse
* \@mparswitchfalse
* \@reversemarginfalse
* (1in=72.27pt=25.4mm, 1cm=28.453pt)


(C:\Users\VISHNUTEJA SREEDHAR\AppData\Local\Programs\MiKTeX\tex/latex/pdflscape
\pdflscape.sty
Package: pdflscape 2019/12/05 v0.12 Display of landscape pages in PDF (HO)

(C:\Users\VISHNUTEJA SREEDHAR\AppData\Local\Programs\MiKTeX\tex/latex/graphics\
lscape.sty
Package: lscape 2020/05/28 v3.02 Landscape Pages (DPC)
)
Package pdflscape Info: Auto-detected driver: pdftex on input line 81.
)
<FrontPage.pdf, id=255, 597.50829pt x 845.0471pt>
File: FrontPage.pdf Graphic file (type pdf)
<use FrontPage.pdf>
Package pdftex.def Info: FrontPage.pdf  used on input line 64.
(pdftex.def)             Requested size: 597.50682pt x 845.04504pt.
File: FrontPage.pdf Graphic file (type pdf)
<use FrontPage.pdf>
Package pdftex.def Info: FrontPage.pdf  used on input line 64.
(pdftex.def)             Requested size: 597.50682pt x 845.04504pt.
<FrontPage.pdf, id=258, page=1, 597.50829pt x 845.0471pt>
File: FrontPage.pdf Graphic file (type pdf)
<use FrontPage.pdf, page 1>
Package pdftex.def Info: FrontPage.pdf , page1 used on input line 64.
(pdftex.def)             Requested size: 597.50682pt x 845.04504pt.
File: FrontPage.pdf Graphic file (type pdf)
<use FrontPage.pdf, page 1>
Package pdftex.def Info: FrontPage.pdf , page1 used on input line 64.
(pdftex.def)             Requested size: 597.53416pt x 845.08372pt.
File: FrontPage.pdf Graphic file (type pdf)
<use FrontPage.pdf, page 1>
Package pdftex.def Info: FrontPage.pdf , page1 used on input line 64.
(pdftex.def)             Requested size: 597.53416pt x 845.08372pt.
File: FrontPage.pdf Graphic file (type pdf)
<use FrontPage.pdf, page 1>
Package pdftex.def Info: FrontPage.pdf , page1 used on input line 64.
(pdftex.def)             Requested size: 597.53416pt x 845.08372pt.
File: FrontPage.pdf Graphic file (type pdf)
<use FrontPage.pdf, page 1>
Package pdftex.def Info: FrontPage.pdf , page1 used on input line 64.
(pdftex.def)             Requested size: 597.53416pt x 845.08372pt.
 [1

 <./FrontPage.pdf{C:/Users/VISHNUTEJA SREEDHAR/AppData/Local/MiKTeX/pdftex/conf
ig/pdftex.map}>]
<FrontPage.pdf, id=300, page=2, 597.50829pt x 845.0471pt>
File: FrontPage.pdf Graphic file (type pdf)
<use FrontPage.pdf, page 2>
Package pdftex.def Info: FrontPage.pdf , page2 used on input line 64.
(pdftex.def)             Requested size: 597.53416pt x 845.08372pt.
File: FrontPage.pdf Graphic file (type pdf)
<use FrontPage.pdf, page 2>
Package pdftex.def Info: FrontPage.pdf , page2 used on input line 64.
(pdftex.def)             Requested size: 597.53416pt x 845.08372pt.
File: FrontPage.pdf Graphic file (type pdf)
<use FrontPage.pdf, page 2>
Package pdftex.def Info: FrontPage.pdf , page2 used on input line 64.
(pdftex.def)             Requested size: 597.53416pt x 845.08372pt.
 [2 <./FrontPage.pdf>]
<sit.png, id=324, 89.6148pt x 89.133pt>
File: sit.png Graphic file (type png)
<use sit.png>
Package pdftex.def Info: sit.png  used on input line 72.
(pdftex.def)             Requested size: 89.61458pt x 89.13277pt.
 [3 <./sit.png>]

LaTeX Warning: The counter will not be printed.
             The label is:  on input line 94.

[4] (PreFinalReport.toc
LaTeX Font Info:    Trying to load font information for U+msa on input line 9.

(C:\Users\VISHNUTEJA SREEDHAR\AppData\Local\Programs\MiKTeX\tex/latex/amsfonts\
umsa.fd
File: umsa.fd 2013/01/14 v3.01 AMS symbols A
)
LaTeX Font Info:    Trying to load font information for U+msb on input line 9.

(C:\Users\VISHNUTEJA SREEDHAR\AppData\Local\Programs\MiKTeX\tex/latex/amsfonts\
umsb.fd
File: umsb.fd 2013/01/14 v3.01 AMS symbols B
) [5

] [6])
\tf@toc=\write5
\openout5 = `PreFinalReport.toc'.

 [7] [8] (PreFinalReport.lof)
\tf@lof=\write6
\openout6 = `PreFinalReport.lof'.

 [9

]
Chapter 1.
[1

] [2]
<pokemonGO.jpeg, id=490, 702.625pt x 395.4775pt>
File: pokemonGO.jpeg Graphic file (type jpg)
<use pokemonGO.jpeg>
Package pdftex.def Info: pokemonGO.jpeg  used on input line 188.
(pdftex.def)             Requested size: 351.31163pt x 197.73827pt.
 [3] [4pdfTeX warning (ext4): destination with the same identifier (name{figure
.1.1}) has been already used, duplicate ignored
<argument> ...shipout:D \box_use:N \l_shipout_box 
                                                  \__shipout_drop_firstpage_...
l.198 			\subsection
                    {Super Mario} <./pokemonGO.jpeg>] [5] [6] [7]
Chapter 2.
[8

] [9]
Chapter 3.
<agile1.png, id=569, 2007.5pt x 1003.75pt>
File: agile1.png Graphic file (type png)
<use agile1.png>
Package pdftex.def Info: agile1.png  used on input line 269.
(pdftex.def)             Requested size: 426.79134pt x 213.39743pt.

Overfull \hbox (8.53766pt too wide) in paragraph at lines 269--271
 [][] 
 []

<agile2.png, id=570, 963.6pt x 542.025pt>
File: agile2.png Graphic file (type png)
<use agile2.png>
Package pdftex.def Info: agile2.png  used on input line 276.
(pdftex.def)             Requested size: 426.79134pt x 240.06314pt.

Overfull \hbox (8.53766pt too wide) in paragraph at lines 276--278
 [][] 
 []

[10

pdfTeX warning (ext4): destination with the same identifier (name{figure.3.1}) 
has been already used, duplicate ignored
<argument> ...shipout:D \box_use:N \l_shipout_box 
                                                  \__shipout_drop_firstpage_...
l.281 				
           <./agile1.png>] [11pdfTeX warning (ext4): destination with the same 
identifier (name{figure.3.2}) has been already used, duplicate ignored
<argument> ...shipout:D \box_use:N \l_shipout_box 
                                                  \__shipout_drop_firstpage_...
l.292 					\item D
                  eploy <./agile2.png>]
<archi.png, id=586, 3774.1pt x 2874.74pt>
File: archi.png Graphic file (type png)
<use archi.png>
Package pdftex.def Info: archi.png  used on input line 315.
(pdftex.def)             Requested size: 341.43306pt x 260.03139pt.
 [12] [13pdfTeX warning (ext4): destination with the same identifier (name{figu
re.3.3}) has been already used, duplicate ignored
<argument> ...shipout:D \box_use:N \l_shipout_box 
                                                  \__shipout_drop_firstpage_...
l.328 				
           <./archi.png>] [14] [15] [16] [17] [18] [19]
Chapter 4.
[20

]
<usecase1.png, id=652, 442.65375pt x 473.77pt>
File: usecase1.png Graphic file (type png)
<use usecase1.png>
Package pdftex.def Info: usecase1.png  used on input line 473.
(pdftex.def)             Requested size: 199.19234pt x 213.19452pt.
 [21]
<usecase2.png, id=657, 437.635pt x 393.47pt>
File: usecase2.png Graphic file (type png)
<use usecase2.png>
Package pdftex.def Info: usecase2.png  used on input line 482.
(pdftex.def)             Requested size: 218.81696pt x 196.73451pt.
 [22pdfTeX warning (ext4): destination with the same identifier (name{figure.4.
1}) has been already used, duplicate ignored
<argument> ...shipout:D \box_use:N \l_shipout_box 
                                                  \__shipout_drop_firstpage_...
l.488 					\paragraph
                     {\normalfont{The Fig. \ref{fig:uc2} shows the use case ...
pdfTeX warning (ext4): destination with the same identifier (name{figure.4.2}) 
has been already used, duplicate ignored
<argument> ...shipout:D \box_use:N \l_shipout_box 
                                                  \__shipout_drop_firstpage_...
l.488 					\paragraph
                     {\normalfont{The Fig. \ref{fig:uc2} shows the use case ...
 <./usecase1.png> <./usecase2.png>]
<usecase3.png, id=666, 502.87875pt x 392.46625pt>
File: usecase3.png Graphic file (type png)
<use usecase3.png>
Package pdftex.def Info: usecase3.png  used on input line 491.
(pdftex.def)             Requested size: 226.29333pt x 176.60817pt.
<swimlane.png, id=669, 5346.97626pt x 1754.555pt>
File: swimlane.png Graphic file (type png)
<use swimlane.png>
Package pdftex.def Info: swimlane.png  used on input line 501.
(pdftex.def)             Requested size: 426.79134pt x 140.04599pt.

Overfull \hbox (8.53766pt too wide) in paragraph at lines 501--503
 [][] 
 []

[23pdfTeX warning (ext4): destination with the same identifier (name{figure.4.3
}) has been already used, duplicate ignored
<argument> ...shipout:D \box_use:N \l_shipout_box 
                                                  \__shipout_drop_firstpage_...
l.506 				
           <./usecase3.png>] [24pdfTeX warning (ext4): destination with the sam
e identifier (name{figure.4.4}) has been already used, duplicate ignored
<argument> ...shipout:D \box_use:N \l_shipout_box 
                                                  \__shipout_drop_firstpage_...
l.517 	\chapter
               {Testing} <./swimlane.png>]
Chapter 5.
<testing.png, id=689, 697.10437pt x 490.08093pt>
File: testing.png Graphic file (type png)
<use testing.png>
Package pdftex.def Info: testing.png  used on input line 528.
(pdftex.def)             Requested size: 426.79134pt x 300.0482pt.

Overfull \hbox (8.53766pt too wide) in paragraph at lines 528--530
 [][] 
 []

[25

] [26pdfTeX warning (ext4): destination with the same identifier (name{figure.5
.1}) has been already used, duplicate ignored
<argument> ...shipout:D \box_use:N \l_shipout_box 
                                                  \__shipout_drop_firstpage_...
l.538 			\subsection
                    {Test Cases} <./testing.png>] [27] [28] [29]
<op1.jpeg, id=723, 554.07pt x 170.13562pt>
File: op1.jpeg Graphic file (type jpg)
<use op1.jpeg>
Package pdftex.def Info: op1.jpeg  used on input line 615.
(pdftex.def)             Requested size: 426.79134pt x 131.05414pt.

Overfull \hbox (8.53766pt too wide) in paragraph at lines 615--617
 [][] 
 []

<op3.jpeg, id=724, 1284.8pt x 680.5425pt>
File: op3.jpeg Graphic file (type jpg)
<use op3.jpeg>
Package pdftex.def Info: op3.jpeg  used on input line 624.
(pdftex.def)             Requested size: 455.24408pt x 241.13217pt.

Overfull \hbox (36.9904pt too wide) in paragraph at lines 624--626
 [][] 
 []

[30pdfTeX warning (ext4): destination with the same identifier (name{figure.5.2
}) has been already used, duplicate ignored
<argument> ...shipout:D \box_use:N \l_shipout_box 
                                                  \__shipout_drop_firstpage_...
l.646 			\paragraph
                   {\normalfont{Fig. shows some enemy characters swarming to...
 <./op1.jpeg>] [31pdfTeX warning (ext4): destination with the same identifier (
name{figure.5.3}) has been already used, duplicate ignored
<argument> ...shipout:D \box_use:N \l_shipout_box 
                                                  \__shipout_drop_firstpage_...
l.649 	\chapter
               {Conclusions and Future Scope} <./op3.jpeg>]
Chapter 6.
[32

] [33]
LaTeX Font Info:    Trying to load font information for T1+cmtt on input line 6
74.

(C:\Users\VISHNUTEJA SREEDHAR\AppData\Local\Programs\MiKTeX\tex/latex/base\t1cm
tt.fd
File: t1cmtt.fd 2019/12/16 v2.5j Standard LaTeX font definitions
) [34

] [35] (PreFinalReport.aux)
Package rerunfilecheck Info: File `PreFinalReport.out' has not changed.
(rerunfilecheck)             Checksum: 7295A86CB7FF52F1FEA7BE8321B17F63;10234.
 ) 
Here is how much of TeX's memory you used:
 14758 strings out of 478907
 227611 string characters out of 2845219
 601315 words of memory out of 3000000
 32082 multiletter control sequences out of 15000+600000
 416361 words of font info for 57 fonts, out of 8000000 for 9000
 1141 hyphenation exceptions out of 8191
 125i,17n,122p,1200b,547s stack positions out of 5000i,500n,10000p,200000b,80000s
pdfTeX warning (dest): name{figure.5.7} has been referenced but does not exis
t, replaced by a fixed one

pdfTeX warning (dest): name{figure.5.6} has been referenced but does not exist,
 replaced by a fixed one

pdfTeX warning (dest): name{figure.5.5} has been referenced but does not exist,
 replaced by a fixed one

pdfTeX warning (dest): name{figure.5.4} has been referenced but does not exist,
 replaced by a fixed one

 <C:\Users\VISHNUTEJA SREEDHAR\AppData\Local\MiKTeX\fonts/pk/ljfour/jknappen/ec
/dpi600\ectt1200.pk> <C:\Users\VISHNUTEJA SREEDHAR\AppData\Local\MiKTeX\fonts/p
k/ljfour/jknappen/ec/dpi600\ecti1200.pk> <C:\Users\VISHNUTEJA SREEDHAR\AppData\
Local\MiKTeX\fonts/pk/ljfour/jknappen/ec/dpi600\tcrm1200.pk> <C:\Users\VISHNUTE
JA SREEDHAR\AppData\Local\MiKTeX\fonts/pk/ljfour/jknappen/ec/dpi600\ecbx1728.pk
> <C:\Users\VISHNUTEJA SREEDHAR\AppData\Local\MiKTeX\fonts/pk/ljfour/jknappen/e
c/dpi600\ecbx2488.pk> <C:\Users\VISHNUTEJA SREEDHAR\AppData\Local\MiKTeX\fonts/
pk/ljfour/jknappen/ec/dpi600\ecbx1200.pk> <C:\Users\VISHNUTEJA SREEDHAR\AppData
\Local\MiKTeX\fonts/pk/ljfour/jknappen/ec/dpi600\ecbx2074.pk> <C:\Users\VISHNUT
EJA SREEDHAR\AppData\Local\MiKTeX\fonts/pk/ljfour/jknappen/ec/dpi600\ecbx1440.p
k> <C:\Users\VISHNUTEJA SREEDHAR\AppData\Local\MiKTeX\fonts/pk/ljfour/jknappen/
ec/dpi600\ecrm1200.pk><C:/Users/VISHNUTEJA SREEDHAR/AppData/Local/Programs/MiKT
eX/fonts/type1/public/amsfonts/cm/cmbx10.pfb><C:/Users/VISHNUTEJA SREEDHAR/AppD
ata/Local/Programs/MiKTeX/fonts/type1/public/amsfonts/cm/cmbx12.pfb><C:/Users/V
ISHNUTEJA SREEDHAR/AppData/Local/Programs/MiKTeX/fonts/type1/public/amsfonts/cm
/cmbx9.pfb><C:/Users/VISHNUTEJA SREEDHAR/AppData/Local/Programs/MiKTeX/fonts/ty
pe1/public/amsfonts/cm/cmbxti10.pfb><C:/Users/VISHNUTEJA SREEDHAR/AppData/Local
/Programs/MiKTeX/fonts/type1/public/amsfonts/cm/cmr10.pfb><C:/Users/VISHNUTEJA 
SREEDHAR/AppData/Local/Programs/MiKTeX/fonts/type1/public/amsfonts/cm/cmr12.pfb
><C:/Users/VISHNUTEJA SREEDHAR/AppData/Local/Programs/MiKTeX/fonts/type1/public
/amsfonts/cm/cmr17.pfb><C:/Users/VISHNUTEJA SREEDHAR/AppData/Local/Programs/MiK
TeX/fonts/type1/public/amsfonts/cm/cmti10.pfb>
Output written on PreFinalReport.pdf (44 pages, 1636966 bytes).
PDF statistics:
 1247 PDF objects out of 1440 (max. 8388607)
 243 named destinations out of 1000 (max. 500000)
 590 words of extra memory for PDF output out of 10000 (max. 10000000)

