\BOOKMARK [0][]{Item.4}{\376\377\000A\000c\000k\000n\000o\000w\000l\000e\000d\000g\000e\000m\000e\000n\000t\000s}{}% 1
\BOOKMARK [0][]{chapter*.1}{\376\377\000A\000b\000s\000t\000r\000a\000c\000t}{}% 2
\BOOKMARK [0][]{chapter*.6}{\376\377\000L\000i\000s\000t\000\040\000o\000f\000\040\000F\000i\000g\000u\000r\000e\000s}{}% 3
\BOOKMARK [0][]{chapter.1}{\376\377\0001\000\040\000I\000n\000t\000r\000o\000d\000u\000c\000t\000i\000o\000n}{}% 4
\BOOKMARK [1][]{section.1.1}{\376\377\0001\000.\0001\000\040\000B\000a\000c\000k\000g\000r\000o\000u\000n\000d\000\040\000S\000t\000u\000d\000y}{chapter.1}% 5
\BOOKMARK [1][]{section.1.2}{\376\377\0001\000.\0002\000\040\000R\000e\000l\000a\000t\000e\000d\000\040\000W\000o\000r\000k\000s}{chapter.1}% 6
\BOOKMARK [2][]{subsection.1.2.1}{\376\377\0001\000.\0002\000.\0001\000\040\000P\000o\000k\000\351\000m\000o\000n\000\040\000G\000O}{section.1.2}% 7
\BOOKMARK [2][]{subsection.1.2.2}{\376\377\0001\000.\0002\000.\0002\000\040\000S\000u\000p\000e\000r\000\040\000M\000a\000r\000i\000o}{section.1.2}% 8
\BOOKMARK [2][]{subsection.1.2.3}{\376\377\0001\000.\0002\000.\0003\000\040\000M\000i\000n\000e\000c\000r\000a\000f\000t}{section.1.2}% 9
\BOOKMARK [2][]{subsection.1.2.4}{\376\377\0001\000.\0002\000.\0004\000\040\000A\000m\000o\000n\000g\000\040\000U\000s}{section.1.2}% 10
\BOOKMARK [1][]{section.1.3}{\376\377\0001\000.\0003\000\040\000P\000r\000o\000b\000l\000e\000m\000\040\000S\000t\000a\000t\000e\000m\000e\000n\000t\000\040\000a\000n\000d\000\040\000o\000b\000j\000e\000c\000t\000i\000v\000e\000s}{chapter.1}% 11
\BOOKMARK [1][]{section.1.4}{\376\377\0001\000.\0004\000\040\000O\000r\000g\000a\000n\000i\000z\000a\000t\000i\000o\000n\000\040\000o\000f\000\040\000t\000h\000e\000\040\000R\000e\000p\000o\000r\000t}{chapter.1}% 12
\BOOKMARK [0][]{chapter.2}{\376\377\0002\000\040\000L\000i\000t\000e\000r\000a\000t\000u\000r\000e\000\040\000S\000u\000r\000v\000e\000y}{}% 13
\BOOKMARK [0][]{chapter.3}{\376\377\0003\000\040\000H\000i\000g\000h\000-\000l\000e\000v\000e\000l\000\040\000D\000e\000s\000i\000g\000n}{}% 14
\BOOKMARK [1][]{section.3.1}{\376\377\0003\000.\0001\000\040\000S\000o\000f\000t\000w\000a\000r\000e\000\040\000d\000e\000v\000e\000l\000o\000p\000m\000e\000n\000t\000\040\000M\000e\000t\000h\000o\000d\000o\000l\000o\000g\000y}{chapter.3}% 15
\BOOKMARK [2][]{subsection.3.1.1}{\376\377\0003\000.\0001\000.\0001\000\040\000A\000g\000i\000l\000e\000\040\000M\000e\000t\000h\000o\000d\000o\000l\000o\000g\000y}{section.3.1}% 16
\BOOKMARK [2][]{subsection.3.1.2}{\376\377\0003\000.\0001\000.\0002\000\040\000W\000h\000y\000\040\000A\000g\000i\000l\000e\000\040\000f\000o\000r\000\040\000o\000u\000r\000\040\000p\000r\000o\000j\000e\000c\000t\000?}{section.3.1}% 17
\BOOKMARK [1][]{section.3.2}{\376\377\0003\000.\0002\000\040\000A\000r\000c\000h\000i\000t\000e\000c\000t\000u\000r\000e}{chapter.3}% 18
\BOOKMARK [1][]{section.3.3}{\376\377\0003\000.\0003\000\040\000F\000u\000n\000c\000t\000i\000o\000n\000a\000l\000\040\000R\000e\000q\000u\000i\000r\000e\000m\000e\000n\000t\000s}{chapter.3}% 19
\BOOKMARK [2][]{subsection.3.3.1}{\376\377\0003\000.\0003\000.\0001\000\040\000S\000c\000e\000n\000e\000s}{section.3.3}% 20
\BOOKMARK [3][]{subsubsection.3.3.1.1}{\376\377\0003\000.\0003\000.\0001\000.\0001\000\040\000B\000o\000o\000t\000S\000c\000e\000n\000e}{subsection.3.3.1}% 21
\BOOKMARK [3][]{subsubsection.3.3.1.2}{\376\377\0003\000.\0003\000.\0001\000.\0002\000\040\000G\000a\000m\000e\000S\000c\000e\000n\000e}{subsection.3.3.1}% 22
\BOOKMARK [2][]{subsection.3.3.2}{\376\377\0003\000.\0003\000.\0002\000\040\000L\000i\000s\000t\000e\000n\000e\000r\000s}{section.3.3}% 23
\BOOKMARK [2][]{subsection.3.3.3}{\376\377\0003\000.\0003\000.\0003\000\040\000C\000l\000i\000e\000n\000t}{section.3.3}% 24
\BOOKMARK [3][]{subsubsection.3.3.3.1}{\376\377\0003\000.\0003\000.\0003\000.\0001\000\040\000P\000l\000a\000y\000e\000r}{subsection.3.3.3}% 25
\BOOKMARK [3][]{subsubsection.3.3.3.2}{\376\377\0003\000.\0003\000.\0003\000.\0002\000\040\000E\000n\000e\000m\000y}{subsection.3.3.3}% 26
\BOOKMARK [2][]{subsection.3.3.4}{\376\377\0003\000.\0003\000.\0004\000\040\000S\000e\000r\000v\000e\000r}{section.3.3}% 27
\BOOKMARK [3][]{subsubsection.3.3.4.1}{\376\377\0003\000.\0003\000.\0004\000.\0001\000\040\000P\000r\000o\000x\000y}{subsection.3.3.4}% 28
\BOOKMARK [3][]{subsubsection.3.3.4.2}{\376\377\0003\000.\0003\000.\0004\000.\0002\000\040\000M\000a\000i\000n\000\040\000S\000e\000r\000v\000e\000r}{subsection.3.3.4}% 29
\BOOKMARK [3][]{subsubsection.3.3.4.3}{\376\377\0003\000.\0003\000.\0004\000.\0003\000\040\000G\000a\000m\000e\000\040\000S\000e\000r\000v\000e\000r}{subsection.3.3.4}% 30
\BOOKMARK [3][]{subsubsection.3.3.4.4}{\376\377\0003\000.\0003\000.\0004\000.\0004\000\040\000D\000o\000c\000k\000e\000r\000\040\000M\000a\000n\000a\000g\000e\000r}{subsection.3.3.4}% 31
\BOOKMARK [3][]{subsubsection.3.3.4.5}{\376\377\0003\000.\0003\000.\0004\000.\0005\000\040\000D\000a\000t\000a\000b\000a\000s\000e}{subsection.3.3.4}% 32
\BOOKMARK [1][]{section.3.4}{\376\377\0003\000.\0004\000\040\000N\000o\000n\000-\000F\000u\000n\000c\000t\000i\000o\000n\000a\000l\000\040\000R\000e\000q\000u\000i\000r\000e\000m\000e\000n\000t\000s}{chapter.3}% 33
\BOOKMARK [0][]{chapter.4}{\376\377\0004\000\040\000I\000m\000p\000l\000e\000m\000e\000n\000t\000a\000t\000i\000o\000n}{}% 34
\BOOKMARK [1][]{section.4.1}{\376\377\0004\000.\0001\000\040\000T\000o\000o\000l\000s\000\040\000a\000n\000d\000\040\000T\000e\000c\000h\000n\000o\000l\000o\000g\000i\000e\000s}{chapter.4}% 35
\BOOKMARK [2][]{subsection.4.1.1}{\376\377\0004\000.\0001\000.\0001\000\040\000S\000e\000r\000v\000e\000r\000\040\000S\000i\000d\000e}{section.4.1}% 36
\BOOKMARK [2][]{subsection.4.1.2}{\376\377\0004\000.\0001\000.\0002\000\040\000C\000l\000i\000e\000n\000t\000\040\000S\000i\000d\000e}{section.4.1}% 37
\BOOKMARK [2][]{subsection.4.1.3}{\376\377\0004\000.\0001\000.\0003\000\040\000D\000e\000v\000e\000l\000o\000p\000m\000e\000n\000t}{section.4.1}% 38
\BOOKMARK [2][]{subsection.4.1.4}{\376\377\0004\000.\0001\000.\0004\000\040\000D\000e\000p\000l\000o\000y\000m\000e\000n\000t}{section.4.1}% 39
\BOOKMARK [2][]{subsection.4.1.5}{\376\377\0004\000.\0001\000.\0005\000\040\000T\000e\000s\000t\000i\000n\000g\000\040\000t\000h\000e\000\040\000l\000a\000t\000e\000n\000c\000y\000\040\000a\000n\000d\000\040\000r\000e\000s\000p\000o\000n\000s\000e\000\040\000t\000i\000m\000e\000s}{section.4.1}% 40
\BOOKMARK [1][]{section.4.2}{\376\377\0004\000.\0002\000\040\000I\000m\000p\000l\000e\000m\000e\000n\000t\000a\000t\000i\000o\000n}{chapter.4}% 41
\BOOKMARK [2][]{subsection.4.2.1}{\376\377\0004\000.\0002\000.\0001\000\040\000U\000M\000L\000\040\000D\000i\000a\000g\000r\000a\000m\000s}{section.4.2}% 42
\BOOKMARK [3][]{subsubsection.4.2.1.1}{\376\377\0004\000.\0002\000.\0001\000.\0001\000\040\000U\000s\000e\000-\000C\000a\000s\000e\000\040\000D\000i\000a\000g\000r\000a\000m}{subsection.4.2.1}% 43
\BOOKMARK [3][]{subsubsection.4.2.1.2}{\376\377\0004\000.\0002\000.\0001\000.\0002\000\040\000S\000e\000q\000u\000e\000n\000c\000e\000\040\000D\000i\000a\000g\000r\000a\000m}{subsection.4.2.1}% 44
\BOOKMARK [0][]{chapter.5}{\376\377\0005\000\040\000T\000e\000s\000t\000i\000n\000g}{}% 45
\BOOKMARK [1][]{section.5.1}{\376\377\0005\000.\0001\000\040\000T\000e\000s\000t\000\040\000W\000o\000r\000k\000f\000l\000o\000w}{chapter.5}% 46
\BOOKMARK [2][]{subsection.5.1.1}{\376\377\0005\000.\0001\000.\0001\000\040\000O\000b\000j\000e\000c\000t\000i\000v\000e\000s\000\040\000o\000f\000\040\000T\000e\000s\000t\000i\000n\000g}{section.5.1}% 47
\BOOKMARK [2][]{subsection.5.1.2}{\376\377\0005\000.\0001\000.\0002\000\040\000T\000e\000s\000t\000\040\000C\000a\000s\000e\000s}{section.5.1}% 48
\BOOKMARK [2][]{subsection.5.1.3}{\376\377\0005\000.\0001\000.\0003\000\040\000B\000l\000a\000c\000k\000-\000B\000o\000x\000\040\000T\000e\000s\000t\000i\000n\000g}{section.5.1}% 49
\BOOKMARK [2][]{subsection.5.1.4}{\376\377\0005\000.\0001\000.\0004\000\040\000W\000h\000i\000t\000e\000-\000B\000o\000x\000\040\000T\000e\000s\000t\000i\000n\000g}{section.5.1}% 50
\BOOKMARK [2][]{subsection.5.1.5}{\376\377\0005\000.\0001\000.\0005\000\040\000U\000n\000i\000t\000\040\000T\000e\000s\000t\000i\000n\000g}{section.5.1}% 51
\BOOKMARK [2][]{subsection.5.1.6}{\376\377\0005\000.\0001\000.\0006\000\040\000I\000n\000t\000e\000g\000r\000a\000t\000i\000o\000n\000\040\000T\000e\000s\000t\000i\000n\000g}{section.5.1}% 52
\BOOKMARK [2][]{subsection.5.1.7}{\376\377\0005\000.\0001\000.\0007\000\040\000F\000u\000n\000c\000t\000i\000o\000n\000a\000l\000\040\000T\000e\000s\000t\000i\000n\000g}{section.5.1}% 53
\BOOKMARK [1][]{section.5.2}{\376\377\0005\000.\0002\000\040\000T\000e\000s\000t\000\040\000C\000a\000s\000e\000\040\000D\000e\000t\000a\000i\000l\000s}{chapter.5}% 54
\BOOKMARK [2][]{subsection.5.2.1}{\376\377\0005\000.\0002\000.\0001\000\040\000T\000e\000s\000t\000\040\000C\000a\000s\000e\000\040\000I\000D\000:\000\040\0001}{section.5.2}% 55
\BOOKMARK [2][]{subsection.5.2.2}{\376\377\0005\000.\0002\000.\0002\000\040\000T\000e\000s\000t\000\040\000C\000a\000s\000e\000\040\000I\000D\000:\000\040\0002}{section.5.2}% 56
\BOOKMARK [2][]{subsection.5.2.3}{\376\377\0005\000.\0002\000.\0003\000\040\000T\000e\000s\000t\000\040\000C\000a\000s\000e\000\040\000I\000D\000:\000\040\0003}{section.5.2}% 57
\BOOKMARK [2][]{subsection.5.2.4}{\376\377\0005\000.\0002\000.\0004\000\040\000T\000e\000s\000t\000\040\000C\000a\000s\000e\000\040\000I\000D\000:\000\040\0004}{section.5.2}% 58
\BOOKMARK [2][]{subsection.5.2.5}{\376\377\0005\000.\0002\000.\0005\000\040\000T\000e\000s\000t\000\040\000C\000a\000s\000e\000\040\000I\000D\000:\000\040\0005}{section.5.2}% 59
\BOOKMARK [1][]{section.5.3}{\376\377\0005\000.\0003\000\040\000R\000e\000s\000u\000l\000t\000s}{chapter.5}% 60
\BOOKMARK [0][]{chapter.6}{\376\377\0006\000\040\000C\000o\000n\000c\000l\000u\000s\000i\000o\000n\000s\000\040\000a\000n\000d\000\040\000F\000u\000t\000u\000r\000e\000\040\000S\000c\000o\000p\000e}{}% 61
\BOOKMARK [1][]{section.6.1}{\376\377\0006\000.\0001\000\040\000F\000u\000t\000u\000r\000e\000\040\000S\000c\000o\000p\000e}{chapter.6}% 62
\BOOKMARK [0][]{section*.83}{\376\377\000B\000i\000b\000l\000i\000o\000g\000r\000a\000p\000h\000y}{}% 63
