This is pdfTeX, Version 3.14159265-2.6-1.40.20 (TeX Live 2019/Debian) (preloaded format=pdflatex 2021.11.8)  8 NOV 2021 11:26
entering extended mode
 restricted \write18 enabled.
 %&-line parsing enabled.
**FrontPage.tex
(./FrontPage.tex
LaTeX2e <2020-02-02> patch level 2
L3 programming layer <2020-02-14>
(/usr/share/texlive/texmf-dist/tex/latex/memoir/memoir.cls
Document Class: memoir 2019/11/21 v3.7j configurable book, report, article docu
ment class
\onelineskip=\skip47
\lxvchars=\skip48
\xlvchars=\skip49
\@memcnta=\count167
\c@@memmarkcntra=\count168
LaTeX Info: Redefining \InputIfFileExists on input line 140.
(/usr/share/texlive/texmf-dist/tex/generic/iftex/iftex.sty
Package: iftex 2019/11/07 v1.0c TeX engine tests
)
\stockheight=\skip50
\stockwidth=\skip51
\trimtop=\skip52
\trimedge=\skip53

(/usr/share/texlive/texmf-dist/tex/latex/memoir/mem11.clo
File: mem11.clo 2008/01/30 v0.3 memoir class 11pt size option
)
\binding=\skip54
\spinemargin=\skip55
\foremargin=\skip56
\uppermargin=\skip57
\lowermargin=\skip58
\headdrop=\skip59
\normalrulethickness=\skip60
\mem@maxheadheight=\skip61
\mem@maxfootheight=\skip62
\headwidth=\skip63
\c@storedpagenumber=\count169
\memPD=\dimen134
\m@mabparskip=\skip64
\thanksmarkwidth=\skip65
\thanksmarksep=\skip66
\droptitle=\skip67
\c@book=\count170
\c@part=\count171
\c@chapter=\count172
\c@section=\count173
\c@subsection=\count174
\c@subsubsection=\count175
\c@paragraph=\count176
\c@subparagraph=\count177
\beforechapskip=\skip68
\midchapskip=\skip69
\afterchapskip=\skip70
\chapindent=\skip71
\bottomsectionskip=\skip72
\secindent=\skip73
\beforesecskip=\skip74
\aftersecskip=\skip75
\subsecindent=\skip76
\beforesubsecskip=\skip77
\aftersubsecskip=\skip78
\subsubsecindent=\skip79
\beforesubsubsecskip=\skip80
\aftersubsubsecskip=\skip81
\paraindent=\skip82
\beforeparaskip=\skip83
\afterparaskip=\skip84
\subparaindent=\skip85
\beforesubparaskip=\skip86
\aftersubparaskip=\skip87
\pfbreakskip=\skip88
\c@@ppsavesec=\count178
\c@@ppsaveapp=\count179
\ragrparindent=\dimen135
\everylistparindent=\dimen136
\parsepi=\skip89
\topsepi=\skip90
\itemsepi=\skip91
\parsepii=\skip92
\topsepii=\skip93
\topsepiii=\skip94
\itemsepii=\skip95
\itemsepiii=\skip96
\partopsepii=\skip97
\partopsepiii=\skip98
\m@msavetopsep=\skip99
\m@msavepartopsep=\skip100
\@enLab=\toks14
\abstitleskip=\skip101
\absleftindent=\skip102
\abs@leftindent=\dimen137
\absrightindent=\skip103
\absparindent=\skip104
\absparsep=\skip105
\c@vslineno=\count180
\c@poemline=\count181
\c@modulo@vs=\count182
\c@memfvsline=\count183
\vleftskip=\skip106
\vrightskip=\skip107
\stanzaskip=\skip108
\versewidth=\skip109
\vgap=\skip110
\vindent=\skip111
\vleftmargin=\dimen138
\c@verse=\count184
\c@chrsinstr=\count185
\beforepoemtitleskip=\skip112
\afterpoemtitleskip=\skip113
\c@poem=\count186
\beforePoemTitleskip=\skip114
\midPoemTitleskip=\skip115
\afterPoemTitleskip=\skip116

(/usr/share/texlive/texmf-dist/tex/latex/tools/array.sty
Package: array 2019/08/31 v2.4l Tabular extension package (FMi)
\col@sep=\dimen139
\ar@mcellbox=\box45
\extrarowheight=\dimen140
\NC@list=\toks15
\extratabsurround=\skip117
\backup@length=\skip118
\ar@cellbox=\box46
)
(/usr/share/texlive/texmf-dist/tex/latex/tools/dcolumn.sty
Package: dcolumn 2014/10/28 v1.06 decimal alignment package (DPC)
)
(/usr/share/texlive/texmf-dist/tex/latex/tools/delarray.sty
Package: delarray 2014/10/28 v1.01 array delimiter package (DPC)
)
(/usr/share/texlive/texmf-dist/tex/latex/tools/tabularx.sty
Package: tabularx 2020/01/15 v2.11c `tabularx' package (DPC)
\TX@col@width=\dimen141
\TX@old@table=\dimen142
\TX@old@col=\dimen143
\TX@target=\dimen144
\TX@delta=\dimen145
\TX@cols=\count187
\TX@ftn=\toks16
)
\heavyrulewidth=\dimen146
\lightrulewidth=\dimen147
\cmidrulewidth=\dimen148
\belowrulesep=\dimen149
\belowbottomsep=\dimen150
\aboverulesep=\dimen151
\abovetopsep=\dimen152
\cmidrulesep=\dimen153
\cmidrulekern=\dimen154
\defaultaddspace=\dimen155
\@cmidla=\count188
\@cmidlb=\count189
\@aboverulesep=\dimen156
\@belowrulesep=\dimen157
\@thisruleclass=\count190
\@lastruleclass=\count191
\@thisrulewidth=\dimen158
\ctableftskip=\skip119
\ctabrightskip=\skip120
\abovecolumnspenalty=\count192
\@linestogo=\count193
\@cellstogo=\count194
\@cellsincolumn=\count195
\crtok=\toks17
\@mincolumnwidth=\dimen159
\c@newflo@tctr=\count196
\mem@margin@floatbox=\box47
\@contcwidth=\skip121
\@contindw=\skip122
\abovecaptionskip=\skip123
\belowcaptionskip=\skip124
\subfloattopskip=\skip125
\subfloatcapskip=\skip126
\subfloatcaptopadj=\skip127
\subfloatbottomskip=\skip128
\subfloatlabelskip=\skip129
\subfloatcapmargin=\dimen160
\c@@contsubnum=\count197
\m@mscap@capbox=\box48
\m@mscap@fbox=\box49
\sidecapsep=\dimen161
\sidecapwidth=\dimen162
\m@m@tempdima=\dimen163
\m@mscapraise=\dimen164
\sidecapraise=\dimen165
\m@mscapmainwidth=\dimen166
\m@mscaplkern=\dimen167
\beforeepigraphskip=\skip130
\afterepigraphskip=\skip131
\epigraphwidth=\skip132
\epigraphrule=\skip133
LaTeX Info: Redefining \em on input line 7662.
LaTeX Info: Redefining \emph on input line 7670.
\tocentryskip=\skip134
\tocbaseline=\skip135
\cftparskip=\skip136
\cftbeforebookskip=\skip137
\cftbookindent=\dimen168
\cftbooknumwidth=\dimen169
\cftbeforepartskip=\skip138
\cftpartindent=\skip139
\cftpartnumwidth=\skip140
\cftbeforechapterskip=\skip141
\cftchapterindent=\skip142
\cftchapternumwidth=\skip143
\cftbeforesectionskip=\skip144
\cftsectionindent=\skip145
\cftsectionnumwidth=\skip146
\cftbeforesubsectionskip=\skip147
\cftsubsectionindent=\skip148
\cftsubsectionnumwidth=\skip149
\cftbeforesubsubsectionskip=\skip150
\cftsubsubsectionindent=\skip151
\cftsubsubsectionnumwidth=\skip152
\cftbeforeparagraphskip=\skip153
\cftparagraphindent=\skip154
\cftparagraphnumwidth=\skip155
\cftbeforesubparagraphskip=\skip156
\cftsubparagraphindent=\skip157
\cftsubparagraphnumwidth=\skip158
\prechapterprecisshift=\dimen170
\c@maxsecnumdepth=\count198
\bibindent=\dimen171
\bibitemsep=\skip159
\indexcolsep=\skip160
\indexrule=\skip161
\indexmarkstyle=\toks18
\@indexbox=\insert199
\glossarycolsep=\dimen172
\glossaryrule=\dimen173
\sideparvshift=\skip162
\sideins=\insert252
\sidebartopsep=\skip163
\sidebarhsep=\skip164
\sidebarvsep=\skip165
\sidebarwidth=\skip166
\footmarkwidth=\skip167
\footmarksep=\skip168
\footparindent=\skip169
\footinsdim=\skip170
\footinsv@r=\insert251
\@mpfootinsv@r=\insert250
\m@m@k=\count266
\m@m@h=\dimen174
\m@mipn@skip=\skip171
\sidefootins=\insert249
\sidefootadjust=\skip172
\sidefootheight=\skip173
\sidefoothsep=\skip174
\sidefootvsep=\skip175
\sidefootwidth=\skip176
\m@mdownsf=\skip177
\c@sidefootnote=\count267
\sidefootmarkwidth=\skip178
\sidefootmarksep=\skip179
\sidefootparindent=\skip180
\c@pagenote=\count268
\c@pagenoteshadow=\count269
\mem@pn@lastkern=\skip181
\every@verbatim=\toks19
\afterevery@verbatim=\toks20
\verbatim@line=\toks21
\tab@position=\count270
\verbatim@in@stream=\read2
\verbatimindent=\skip182
\verbatim@out=\write3
\bvboxsep=\skip183
\c@memfbvline=\count271
\c@bvlinectr=\count272
\bvnumlength=\skip184
\fb@frw=\dimen175
\fb@frh=\dimen176
\FrameRule=\dimen177
\FrameSep=\dimen178
\c@cp@cntr=\count273
LaTeX Info: Redefining \: on input line 12187.
LaTeX Info: Redefining \! on input line 12189.
\c@ism@mctr=\count274
\c@xsm@mctr=\count275
\c@csm@mctr=\count276
\c@ksm@mctr=\count277
\c@xksm@mctr=\count278
\c@cksm@mctr=\count279
\c@msm@mctr=\count280
\c@xmsm@mctr=\count281
\c@cmsm@mctr=\count282
\c@bsm@mctr=\count283
\c@workm@mctr=\count284
\c@sheetsequence=\count285
\c@lastsheet=\count286
\c@lastpage=\count287

(/usr/share/texlive/texmf-dist/tex/latex/textcase/textcase.sty
Package: textcase 2019/09/14 v1.00 Text only upper/lower case changing (DPC)
)
\c@figure=\count288
\c@lofdepth=\count289
\cftbeforefigureskip=\skip185
\cftfigureindent=\skip186
\cftfigurenumwidth=\skip187
\c@table=\count290
\c@lotdepth=\count291
\cftbeforetableskip=\skip188
\cfttableindent=\skip189
\cfttablenumwidth=\skip190
Package abstract [2008/07/23] emulated by memoir.
Package appendix [2008/07/23] emulated by memoir.
Package booktabs [2016/05/16] emulated by memoir.
Package ccaption [2008/07/23] emulated by memoir.
Package changepage [2008/07/23] emulated by memoir.
Package chngcntr [2008/07/23] emulated by memoir.
Package chngpage [2008/07/23] emulated by memoir.
Package crop emulated by memoir.
Package enumerate [2008/07/23] emulated by memoir.
Package epigraph [2008/07/23] emulated by memoir.
Package ifmtarg [2008/07/23] emulated by memoir.
Package index [2008/07/23] emulated by memoir.
Package makeidx [2008/07/23] emulated by memoir.
Package moreverb [2008/07/23] emulated by memoir.
Package mparhack [2008/07/23] emulated by memoir.
Package needspace [2008/07/23] emulated by memoir.
Package newfile [2008/07/23] emulated by memoir.
Package nextpage [2008/07/23] emulated by memoir.
Package pagenote [2008/07/23] emulated by memoir.
Package parskip [2008/07/23] emulated by memoir.
Package patchcmd [2008/07/23] emulated by memoir.
Package setspace [2008/07/23] emulated by memoir.
Package shortvrb [2008/07/23] emulated by memoir.
Package showidx [2008/07/23] emulated by memoir.
Package titleref [2008/07/23] emulated by memoir.
Package titling [2008/07/23] emulated by memoir.
Package tocbibind [2008/07/23] emulated by memoir.
Package tocloft [2008/07/23] emulated by memoir.
Package tocvsec2 [2008/07/23] emulated by memoir.
Package verbatim [2008/07/23] emulated by memoir.
Package verse [2008/07/23] emulated by memoir.
)
(/usr/share/texlive/texmf-dist/tex/latex/graphics/graphicx.sty
Package: graphicx 2019/11/30 v1.2a Enhanced LaTeX Graphics (DPC,SPQR)

(/usr/share/texlive/texmf-dist/tex/latex/graphics/keyval.sty
Package: keyval 2014/10/28 v1.15 key=value parser (DPC)
\KV@toks@=\toks22
)
(/usr/share/texlive/texmf-dist/tex/latex/graphics/graphics.sty
Package: graphics 2019/11/30 v1.4a Standard LaTeX Graphics (DPC,SPQR)

(/usr/share/texlive/texmf-dist/tex/latex/graphics/trig.sty
Package: trig 2016/01/03 v1.10 sin cos tan (DPC)
)
(/usr/share/texlive/texmf-dist/tex/latex/graphics-cfg/graphics.cfg
File: graphics.cfg 2016/06/04 v1.11 sample graphics configuration
)
Package graphics Info: Driver file: pdftex.def on input line 105.

(/usr/share/texlive/texmf-dist/tex/latex/graphics-def/pdftex.def
File: pdftex.def 2018/01/08 v1.0l Graphics/color driver for pdftex
))
\Gin@req@height=\dimen179
\Gin@req@width=\dimen180
)
(/usr/share/texlive/texmf-dist/tex/generic/babel/babel.sty
Package: babel 2020/02/14 3.40 The Babel package

(/usr/share/texlive/texmf-dist/tex/generic/babel/switch.def
File: switch.def 2020/02/14 3.40 Babel switching mechanism
)
(/usr/share/texlive/texmf-dist/tex/generic/babel-english/english.ldf
Language: english 2017/06/06 v3.3r English support from the babel system

(/usr/share/texlive/texmf-dist/tex/generic/babel/babel.def
File: babel.def 2020/02/14 3.40 Babel common definitions
\babel@savecnt=\count292
\U@D=\dimen181

(/usr/share/texlive/texmf-dist/tex/generic/babel/txtbabel.def)
\bbl@readstream=\read3
\bbl@dirlevel=\count293
)
Package babel Info: \l@canadian = using hyphenrules for english
(babel)             (\language0) on input line 102.
Package babel Info: \l@australian = using hyphenrules for ukenglish
(babel)             (\language3) on input line 105.
Package babel Info: \l@newzealand = using hyphenrules for ukenglish
(babel)             (\language3) on input line 108.
))
(/usr/share/texlive/texmf-dist/tex/latex/geometry/geometry.sty
Package: geometry 2020/01/02 v5.9 Page Geometry

(/usr/share/texlive/texmf-dist/tex/generic/iftex/ifvtex.sty
Package: ifvtex 2019/10/25 v1.7 ifvtex legacy package. Use iftex instead.
)
\Gm@cnth=\count294
\Gm@cntv=\count295
\c@Gm@tempcnt=\count296
\Gm@bindingoffset=\dimen182
\Gm@wd@mp=\dimen183
\Gm@odd@mp=\dimen184
\Gm@even@mp=\dimen185
\Gm@layoutwidth=\dimen186
\Gm@layoutheight=\dimen187
\Gm@layouthoffset=\dimen188
\Gm@layoutvoffset=\dimen189
\Gm@dimlist=\toks23
)
(/usr/share/texlive/texmf-dist/tex/latex/hyperref/hyperref.sty
Package: hyperref 2020/01/14 v7.00d Hypertext links for LaTeX

(/usr/share/texlive/texmf-dist/tex/generic/ltxcmds/ltxcmds.sty
Package: ltxcmds 2019/12/15 v1.24 LaTeX kernel commands for general use (HO)
)
(/usr/share/texlive/texmf-dist/tex/latex/pdftexcmds/pdftexcmds.sty
Package: pdftexcmds 2019/11/24 v0.31 Utility functions of pdfTeX for LuaTeX (HO
)

(/usr/share/texlive/texmf-dist/tex/generic/infwarerr/infwarerr.sty
Package: infwarerr 2019/12/03 v1.5 Providing info/warning/error messages (HO)
)
Package pdftexcmds Info: \pdf@primitive is available.
Package pdftexcmds Info: \pdf@ifprimitive is available.
Package pdftexcmds Info: \pdfdraftmode found.
)
(/usr/share/texlive/texmf-dist/tex/generic/kvsetkeys/kvsetkeys.sty
Package: kvsetkeys 2019/12/15 v1.18 Key value parser (HO)
)
(/usr/share/texlive/texmf-dist/tex/generic/kvdefinekeys/kvdefinekeys.sty
Package: kvdefinekeys 2019-12-19 v1.6 Define keys (HO)
)
(/usr/share/texlive/texmf-dist/tex/generic/pdfescape/pdfescape.sty
Package: pdfescape 2019/12/09 v1.15 Implements pdfTeX's escape features (HO)
)
(/usr/share/texlive/texmf-dist/tex/latex/hycolor/hycolor.sty
Package: hycolor 2020-01-27 v1.10 Color options for hyperref/bookmark (HO)
)
(/usr/share/texlive/texmf-dist/tex/latex/letltxmacro/letltxmacro.sty
Package: letltxmacro 2019/12/03 v1.6 Let assignment for LaTeX macros (HO)
)
(/usr/share/texlive/texmf-dist/tex/latex/auxhook/auxhook.sty
Package: auxhook 2019-12-17 v1.6 Hooks for auxiliary files (HO)
)
(/usr/share/texlive/texmf-dist/tex/latex/kvoptions/kvoptions.sty
Package: kvoptions 2019/11/29 v3.13 Key value format for package options (HO)
)
\@linkdim=\dimen190
\Hy@linkcounter=\count297
\Hy@pagecounter=\count298

(/usr/share/texlive/texmf-dist/tex/latex/hyperref/pd1enc.def
File: pd1enc.def 2020/01/14 v7.00d Hyperref: PDFDocEncoding definition (HO)
Now handling font encoding PD1 ...
... no UTF-8 mapping file for font encoding PD1
)
(/usr/share/texlive/texmf-dist/tex/generic/intcalc/intcalc.sty
Package: intcalc 2019/12/15 v1.3 Expandable calculations with integers (HO)
)
(/usr/share/texlive/texmf-dist/tex/generic/etexcmds/etexcmds.sty
Package: etexcmds 2019/12/15 v1.7 Avoid name clashes with e-TeX commands (HO)
)
\Hy@SavedSpaceFactor=\count299
\pdfmajorversion=\count300
Package hyperref Info: Hyper figures OFF on input line 4547.
Package hyperref Info: Link nesting OFF on input line 4552.
Package hyperref Info: Hyper index ON on input line 4555.
Package hyperref Info: Plain pages OFF on input line 4562.
Package hyperref Info: Backreferencing OFF on input line 4567.
Package hyperref Info: Implicit mode ON; LaTeX internals redefined.
Package hyperref Info: Bookmarks ON on input line 4800.
\c@Hy@tempcnt=\count301

(/usr/share/texlive/texmf-dist/tex/latex/url/url.sty
\Urlmuskip=\muskip16
Package: url 2013/09/16  ver 3.4  Verb mode for urls, etc.
)
LaTeX Info: Redefining \url on input line 5159.
\XeTeXLinkMargin=\dimen191

(/usr/share/texlive/texmf-dist/tex/generic/bitset/bitset.sty
Package: bitset 2019/12/09 v1.3 Handle bit-vector datatype (HO)

(/usr/share/texlive/texmf-dist/tex/generic/bigintcalc/bigintcalc.sty
Package: bigintcalc 2019/12/15 v1.5 Expandable calculations on big integers (HO
)
))
\Fld@menulength=\count302
\Field@Width=\dimen192
\Fld@charsize=\dimen193
Package hyperref Info: Hyper figures OFF on input line 6430.
Package hyperref Info: Link nesting OFF on input line 6435.
Package hyperref Info: Hyper index ON on input line 6438.
Package hyperref Info: backreferencing OFF on input line 6445.
Package hyperref Info: Link coloring OFF on input line 6450.
Package hyperref Info: Link coloring with OCG OFF on input line 6455.
Package hyperref Info: PDF/A mode OFF on input line 6460.
LaTeX Info: Redefining \ref on input line 6500.
LaTeX Info: Redefining \pageref on input line 6504.

(/usr/share/texlive/texmf-dist/tex/generic/atbegshi/atbegshi.sty
Package: atbegshi 2019/12/05 v1.19 At begin shipout hook (HO)
)
\Hy@abspage=\count303
\c@Item=\count304
\c@Hfootnote=\count305
)
(/usr/share/texlive/texmf-dist/tex/latex/memoir/memhfixc.sty
Package: memhfixc 2019/10/24 v1.18 nameref/hyperref package fixes for memoir cl
ass
\c@memhycontfloat=\count306
\c@Hpagenote=\count307
)
Package hyperref Info: Driver (autodetected): hpdftex.

(/usr/share/texlive/texmf-dist/tex/latex/hyperref/hpdftex.def
File: hpdftex.def 2020/01/14 v7.00d Hyperref driver for pdfTeX

(/usr/share/texlive/texmf-dist/tex/latex/atveryend/atveryend.sty
Package: atveryend 2019-12-11 v1.11 Hooks at the very end of document (HO)
Package atveryend Info: \enddocument detected (standard20110627).
)
\Fld@listcount=\count308
\c@bookmark@seq@number=\count309

(/usr/share/texlive/texmf-dist/tex/latex/rerunfilecheck/rerunfilecheck.sty
Package: rerunfilecheck 2019/12/05 v1.9 Rerun checks for auxiliary files (HO)

(/usr/share/texlive/texmf-dist/tex/generic/uniquecounter/uniquecounter.sty
Package: uniquecounter 2019/12/15 v1.4 Provide unlimited unique counter (HO)
)
Package uniquecounter Info: New unique counter `rerunfilecheck' on input line 2
86.
)
\Hy@SectionHShift=\skip191
)
(/usr/share/texlive/texmf-dist/tex/latex/listings/listings.sty
\lst@mode=\count310
\lst@gtempboxa=\box50
\lst@token=\toks24
\lst@length=\count311
\lst@currlwidth=\dimen194
\lst@column=\count312
\lst@pos=\count313
\lst@lostspace=\dimen195
\lst@width=\dimen196
\lst@newlines=\count314
\lst@lineno=\count315
\lst@maxwidth=\dimen197

(/usr/share/texlive/texmf-dist/tex/latex/listings/lstmisc.sty
File: lstmisc.sty 2019/09/10 1.8c (Carsten Heinz)
\c@lstnumber=\count316
\lst@skipnumbers=\count317
\lst@framebox=\box51
)
(/usr/share/texlive/texmf-dist/tex/latex/listings/listings.cfg
File: listings.cfg 2019/09/10 1.8c listings configuration
))
Package: listings 2019/09/10 1.8c (Carsten Heinz)

(/usr/share/texlive/texmf-dist/tex/latex/graphics/color.sty
Package: color 2019/11/23 v1.2a Standard LaTeX Color (DPC)

(/usr/share/texlive/texmf-dist/tex/latex/graphics-cfg/color.cfg
File: color.cfg 2016/01/02 v1.6 sample color configuration
)
Package color Info: Driver file: pdftex.def on input line 147.
)
(/usr/share/texlive/texmf-dist/tex/latex/pdfpages/pdfpages.sty
Package: pdfpages 2020/01/28 v0.5q Insert pages of external PDF documents (AM)

(/usr/share/texlive/texmf-dist/tex/latex/base/ifthen.sty
Package: ifthen 2014/09/29 v1.1c Standard LaTeX ifthen package (DPC)
)
(/usr/share/texlive/texmf-dist/tex/latex/tools/calc.sty
Package: calc 2017/05/25 v4.3 Infix arithmetic (KKT,FJ)
\calc@Acount=\count318
\calc@Bcount=\count319
\calc@Adimen=\dimen198
\calc@Bdimen=\dimen256
\calc@Askip=\skip192
\calc@Bskip=\skip193
LaTeX Info: Redefining \setlength on input line 80.
LaTeX Info: Redefining \addtolength on input line 81.
\calc@Ccount=\count320
\calc@Cskip=\skip194
)
(/usr/share/texlive/texmf-dist/tex/latex/eso-pic/eso-pic.sty
Package: eso-pic 2018/04/12 v2.0h eso-pic (RN)
)
\AM@pagewidth=\dimen257
\AM@pageheight=\dimen258

(/usr/share/texlive/texmf-dist/tex/latex/pdfpages/pppdftex.def
File: pppdftex.def 2020/01/28 v0.5q Pdfpages driver for pdfTeX (AM)
)
\AM@pagebox=\box52
\AM@global@opts=\toks25
\AM@pagecnt=\count321
\AM@toc@title=\toks26
\c@AM@survey=\count322
\AM@templatesizebox=\box53
)
(/usr/share/texlive/texmf-dist/tex/latex/l3backend/l3backend-pdfmode.def
File: l3backend-pdfmode.def 2020-02-03 L3 backend support: PDF mode
\l__kernel_color_stack_int=\count323
\l__pdf_internal_box=\box54
)
(./FrontPage.aux (./Title.aux) (./Certificate.aux))
\openout1 = `FrontPage.aux'.

LaTeX Font Info:    Checking defaults for OML/cmm/m/it on input line 26.
LaTeX Font Info:    ... okay on input line 26.
LaTeX Font Info:    Checking defaults for OMS/cmsy/m/n on input line 26.
LaTeX Font Info:    ... okay on input line 26.
LaTeX Font Info:    Checking defaults for OT1/cmr/m/n on input line 26.
LaTeX Font Info:    ... okay on input line 26.
LaTeX Font Info:    Checking defaults for T1/cmr/m/n on input line 26.
LaTeX Font Info:    ... okay on input line 26.
LaTeX Font Info:    Checking defaults for TS1/cmr/m/n on input line 26.
LaTeX Font Info:    ... okay on input line 26.
LaTeX Font Info:    Checking defaults for OMX/cmex/m/n on input line 26.
LaTeX Font Info:    ... okay on input line 26.
LaTeX Font Info:    Checking defaults for U/cmr/m/n on input line 26.
LaTeX Font Info:    ... okay on input line 26.
LaTeX Font Info:    Checking defaults for PD1/pdf/m/n on input line 26.
LaTeX Font Info:    ... okay on input line 26.

(/usr/share/texlive/texmf-dist/tex/context/base/mkii/supp-pdf.mkii
[Loading MPS to PDF converter (version 2006.09.02).]
\scratchcounter=\count324
\scratchdimen=\dimen259
\scratchbox=\box55
\nofMPsegments=\count325
\nofMParguments=\count326
\everyMPshowfont=\toks27
\MPscratchCnt=\count327
\MPscratchDim=\dimen260
\MPnumerator=\count328
\makeMPintoPDFobject=\count329
\everyMPtoPDFconversion=\toks28
) (/usr/share/texlive/texmf-dist/tex/latex/epstopdf-pkg/epstopdf-base.sty
Package: epstopdf-base 2020-01-24 v2.11 Base part for package epstopdf
Package epstopdf-base Info: Redefining graphics rule for `.eps' on input line 4
85.

(/usr/share/texlive/texmf-dist/tex/latex/latexconfig/epstopdf-sys.cfg
File: epstopdf-sys.cfg 2010/07/13 v1.3 Configuration of (r)epstopdf for TeX Liv
e
))
*geometry* driver: auto-detecting
*geometry* detected driver: pdftex
*geometry* verbose mode - [ preamble ] result:
* driver: pdftex
* paper: a4paper
* layout: <same size as paper>
* layoutoffset:(h,v)=(0.0pt,0.0pt)
* modes: 
* h-part:(L,W,R)=(89.62709pt, 435.6108pt, 72.26999pt)
* v-part:(T,H,B)=(101.40665pt, 591.5302pt, 152.11pt)
* \paperwidth=597.50787pt
* \paperheight=845.04684pt
* \textwidth=435.6108pt
* \textheight=591.5302pt
* \oddsidemargin=17.3571pt
* \evensidemargin=17.3571pt
* \topmargin=-4.33714pt
* \headheight=13.6pt
* \headsep=19.8738pt
* \topskip=11.0pt
* \footskip=27.46295pt
* \marginparwidth=49.0pt
* \marginparsep=7.0pt
* \columnsep=10.0pt
* \skip\footins=12.0pt plus 4.0pt minus 4.0pt
* \hoffset=0.0pt
* \voffset=0.0pt
* \mag=1000
* \@twocolumnfalse
* \@twosidefalse
* \@mparswitchfalse
* \@reversemarginfalse
* (1in=72.27pt=25.4mm, 1cm=28.453pt)

\AtBeginShipoutBox=\box56
Package hyperref Info: Link coloring OFF on input line 26.
(/usr/share/texlive/texmf-dist/tex/latex/hyperref/nameref.sty
Package: nameref 2019/09/16 v2.46 Cross-referencing by name of section

(/usr/share/texlive/texmf-dist/tex/latex/refcount/refcount.sty
Package: refcount 2019/12/15 v3.6 Data extraction from label references (HO)
)
(/usr/share/texlive/texmf-dist/tex/generic/gettitlestring/gettitlestring.sty
Package: gettitlestring 2019/12/15 v1.6 Cleanup title references (HO)
)
\c@section@level=\count330
)
Redoing nameref's sectioning
Redoing nameref's label
LaTeX Info: Redefining \nameref on input line 26.
LaTeX Info: Redefining \ref on input line 26.
LaTeX Info: Redefining \pageref on input line 26.
LaTeX Info: Redefining \nameref on input line 26.
(./FrontPage.out) (./FrontPage.out)
\@outlinefile=\write4
\openout4 = `FrontPage.out'.

\c@lstlisting=\count331

(/usr/share/texlive/texmf-dist/tex/latex/pdflscape/pdflscape.sty
Package: pdflscape 2019/12/05 v0.12 Display of landscape pages in PDF (HO)

(/usr/share/texlive/texmf-dist/tex/latex/graphics/lscape.sty
Package: lscape 2000/10/22 v3.01 Landscape Pages (DPC)
)
Package pdflscape Info: Auto-detected driver: pdftex on input line 81.
)
\toptafiddle=\skip195
\bottafiddle=\skip196
\openout2 = `Title.aux'.

 (./Title.tex
<images/vtu.png, id=4, 301.125pt x 422.57875pt>
File: images/vtu.png Graphic file (type png)
<use images/vtu.png>
Package pdftex.def Info: images/vtu.png  used on input line 25.
(pdftex.def)             Requested size: 81.09807pt x 113.81102pt.
LaTeX Font Info:    External font `cmex10' loaded for size
(Font)              <14.4> on input line 44.
LaTeX Font Info:    External font `cmex10' loaded for size
(Font)              <7> on input line 44.
<images/sit.png, id=6, 200.75pt x 200.75pt>
File: images/sit.png Graphic file (type png)
<use images/sit.png>
Package pdftex.def Info: images/sit.png  used on input line 58.
(pdftex.def)             Requested size: 105.27892pt x 105.2751pt.

[1


{/var/lib/texmf/fonts/map/pdftex/updmap/pdftex.map} <./images/vtu.png> <./image
s/sit.png>])
\openout2 = `Certificate.aux'.

 (./Certificate.tex
! Use of \@xnext doesn't match its definition.
\@freelist ->,
              \bx@G ,,\bx@H ,,\bx@I ,,\bx@J ,,\bx@K ,,\bx@L ,,\bx@M ,,\bx@N ...
l.27 \begin{figure}[h]
                      
If you say, e.g., `\def\a1{...}', then you must always
put `1' after `\a', since control sequence names are
made up of letters only. The macro here has not been
followed by the required stuff, so I'm ignoring it.

Missing character: There is no ö in font cmr10!
Missing character: There is no õ in font cmr10!
Missing character: There is no ô in font cmr10!
Missing character: There is no ó in font cmr10!
Missing character: There is no ò in font cmr10!
Missing character: There is no ñ in font cmr10!
Missing character: There is no ð in font cmr10!
Missing character: There is no ï in font cmr10!
Missing character: There is no î in font cmr10!
Missing character: There is no í in font cmr10!
Missing character: There is no ì in font cmr10!
Missing character: There is no ë in font cmr10!
Missing character: There is no ê in font cmr10!
Missing character: There is no é in font cmr10!
Missing character: There is no è in font cmr10!
Missing character: There is no ç in font cmr10!
Missing character: There is no æ in font cmr10!
Missing character: There is no å in font cmr10!
Missing character: There is no ä in font cmr10!
Missing character: There is no ã in font cmr10!
Missing character: There is no â in font cmr10!
Missing character: There is no á in font cmr10!
Missing character: There is no à in font cmr10!
Missing character: There is no ß in font cmr10!
Missing character: There is no Þ in font cmr10!
Missing character: There is no Ý in font cmr10!
Missing character: There is no Ü in font cmr10!
Missing character: There is no Û in font cmr10!
Missing character: There is no Ú in font cmr10!
Missing character: There is no Ù in font cmr10!
Missing character: There is no Ø in font cmr10!
Missing character: There is no × in font cmr10!
Missing character: There is no Ö in font cmr10!
Missing character: There is no Õ in font cmr10!
Missing character: There is no Ô in font cmr10!
Missing character: There is no Ó in font cmr10!
Missing character: There is no Ò in font cmr10!
Missing character: There is no Ñ in font cmr10!
Missing character: There is no Ð in font cmr10!
Missing character: There is no Ï in font cmr10!
Missing character: There is no Î in font cmr10!
Missing character: There is no Í in font cmr10!
Missing character: There is no Ì in font cmr10!
Missing character: There is no Ë in font cmr10!
Missing character: There is no Ê in font cmr10!
Missing character: There is no É in font cmr10!
! Missing $ inserted.
<inserted text> 
                $
l.27 \begin{figure}[h]
                      
I've inserted a begin-math/end-math symbol since I think
you left one out. Proceed, with fingers crossed.

LaTeX Font Info:    External font `cmex10' loaded for size
(Font)              <10.95> on input line 27.
LaTeX Font Info:    External font `cmex10' loaded for size
(Font)              <8> on input line 27.
LaTeX Font Info:    External font `cmex10' loaded for size
(Font)              <6> on input line 27.
! Undefined control sequence.
\@next ...mpty #4\else \expandafter \@xnext #2\@@ 
                                                  #1#2#3\fi 
l.27 \begin{figure}[h]
                      
The control sequence at the end of the top line
of your error message was never \def'ed. If you have
misspelled it (e.g., `\hobx'), type `I' and the correct
spelling (e.g., `I\hbox'). Otherwise just continue,
and I'll forget about whatever was undefined.

File: images/vtu.png Graphic file (type png)
<use images/vtu.png>
Package pdftex.def Info: images/vtu.png  used on input line 29.
(pdftex.def)             Requested size: 81.09807pt x 113.81102pt.
File: images/sit.png Graphic file (type png)
<use images/sit.png>
Package pdftex.def Info: images/sit.png  used on input line 31.
(pdftex.def)             Requested size: 105.27892pt x 105.2751pt.
! Improper \prevdepth.
<recently read> \prevdepth 
                           
l.32 \end{figure}
                 
You can refer to \spacefactor only in horizontal mode;
you can refer to \prevdepth only in vertical mode; and
neither of these is meaningful inside \write. So
I'm forgetting what you said and using zero instead.

! You can't use `\prevdepth' in math mode.
\@memoldefloat ...a \prevdepth \vbox {}\prevdepth 
                                                  \@tempdima \penalty \@floa...
l.32 \end{figure}
                 
Sorry, but I'm not programmed to handle this case;
I'll just pretend that you didn't ask for it.
If you're in the wrong mode, you might be able to
return to the right one by typing `I}' or `I$' or `I\par'.

! Missing number, treated as zero.
<to be read again> 
                   \penalty 
l.32 \end{figure}
                 
A number should have been here; I inserted `0'.
(If you can't figure out why I needed to see a number,
look up `weird error' in the index to The TeXbook.)

! Illegal unit of measure (pt inserted).
<to be read again> 
                   \penalty 
l.32 \end{figure}
                 
Dimensions can be in units of em, ex, in, pt, pc,
cm, mm, dd, cc, nd, nc, bp, or sp; but yours is a new one!
I'll assume that you meant to say pt, for printer's points.
To recover gracefully from this error, it's best to
delete the erroneous units; e.g., type `2' to delete
two letters. (See Chapter 27 of The TeXbook.)

! Missing $ inserted.
<inserted text> 
                $
l.32 \end{figure}
                 
I've inserted something that you may have forgotten.
(See the <inserted text> above.)
With luck, this will get me unwedged. But if you
really didn't forget anything, try typing `2' now; then
my insertion and my current dilemma will both disappear.

! \textfont 15 is undefined (character þ).
<inserted text> $
                 
l.32 \end{figure}
                 
Somewhere in the math formula just ended, you used the
stated character from an undefined font family. For example,
plain TeX doesn't allow \it or \sl in subscripts. Proceed,
and I'll try to forget that I needed that character.

! \textfont 15 is undefined (character ý).
<inserted text> $
                 
l.32 \end{figure}
                 
Somewhere in the math formula just ended, you used the
stated character from an undefined font family. For example,
plain TeX doesn't allow \it or \sl in subscripts. Proceed,
and I'll try to forget that I needed that character.

! \textfont 15 is undefined (character ü).
<inserted text> $
                 
l.32 \end{figure}
                 
Somewhere in the math formula just ended, you used the
stated character from an undefined font family. For example,
plain TeX doesn't allow \it or \sl in subscripts. Proceed,
and I'll try to forget that I needed that character.

! \textfont 15 is undefined (character û).
<inserted text> $
                 
l.32 \end{figure}
                 
Somewhere in the math formula just ended, you used the
stated character from an undefined font family. For example,
plain TeX doesn't allow \it or \sl in subscripts. Proceed,
and I'll try to forget that I needed that character.

Missing character: There is no ø in font cmr10!
Missing character: There is no ÷ in font cmr10!
Missing character: There is no ù in font cmr10!
Missing character: There is no ö in font cmr10!
Missing character: There is no õ in font cmr10!
Missing character: There is no ô in font cmr10!
Missing character: There is no ó in font cmr10!
Missing character: There is no ò in font cmr10!
Missing character: There is no ñ in font cmr10!
Missing character: There is no ð in font cmr10!
Missing character: There is no ï in font cmr10!
Missing character: There is no î in font cmr10!
Missing character: There is no í in font cmr10!
Missing character: There is no ì in font cmr10!
Missing character: There is no ë in font cmr10!
Missing character: There is no ê in font cmr10!
Missing character: There is no é in font cmr10!
Missing character: There is no è in font cmr10!
Missing character: There is no ç in font cmr10!
Missing character: There is no æ in font cmr10!
Missing character: There is no å in font cmr10!
Missing character: There is no ä in font cmr10!
Missing character: There is no ã in font cmr10!
Missing character: There is no â in font cmr10!
Missing character: There is no á in font cmr10!
Missing character: There is no à in font cmr10!
Missing character: There is no ß in font cmr10!
Missing character: There is no Þ in font cmr10!
Missing character: There is no Ý in font cmr10!
Missing character: There is no Ü in font cmr10!
Missing character: There is no Û in font cmr10!
Missing character: There is no Ú in font cmr10!
Missing character: There is no Ù in font cmr10!
Missing character: There is no Ø in font cmr10!
Missing character: There is no × in font cmr10!
Missing character: There is no Ö in font cmr10!
Missing character: There is no Õ in font cmr10!
Missing character: There is no Ô in font cmr10!
Missing character: There is no Ó in font cmr10!
Missing character: There is no Ò in font cmr10!
Missing character: There is no Ñ in font cmr10!
Missing character: There is no Ð in font cmr10!
Missing character: There is no Ï in font cmr10!
Missing character: There is no Î in font cmr10!
Missing character: There is no Í in font cmr10!
Missing character: There is no Ì in font cmr10!
Missing character: There is no Ë in font cmr10!
Missing character: There is no Ê in font cmr10!
Missing character: There is no É in font cmr10!
! \textfont 15 is undefined (character þ).
<inserted text> $
                 
l.32 \end{figure}
                 
Somewhere in the math formula just ended, you used the
stated character from an undefined font family. For example,
plain TeX doesn't allow \it or \sl in subscripts. Proceed,
and I'll try to forget that I needed that character.

! \textfont 15 is undefined (character ý).
<inserted text> $
                 
l.32 \end{figure}
                 
Somewhere in the math formula just ended, you used the
stated character from an undefined font family. For example,
plain TeX doesn't allow \it or \sl in subscripts. Proceed,
and I'll try to forget that I needed that character.

! \textfont 15 is undefined (character ü).
<inserted text> $
                 
l.32 \end{figure}
                 
Somewhere in the math formula just ended, you used the
stated character from an undefined font family. For example,
plain TeX doesn't allow \it or \sl in subscripts. Proceed,
and I'll try to forget that I needed that character.

! \textfont 15 is undefined (character û).
<inserted text> $
                 
l.32 \end{figure}
                 
Somewhere in the math formula just ended, you used the
stated character from an undefined font family. For example,
plain TeX doesn't allow \it or \sl in subscripts. Proceed,
and I'll try to forget that I needed that character.

Missing character: There is no ø in font cmr10!
Missing character: There is no ÷ in font cmr10!

Overfull \hbox (402.06143pt too wide) in paragraph at lines 27--33
 []\OT1/cmr/m/n/10.95 ,,,,,,,,,,,,,,,,,,,,,,,,,,,,,,,,,,,,,,,,,,,,,,,,,,,,,,,,,
,,,,,,,,,,,,,,,,,,,,,,,,,,,,,,,,,,,$\OML/cmm/m/it/10.95 ; ; ; ; ; ; ; ; ; ; ; ;
 ; ; ; ; ; ; ; ; ; ; ; ; ; ; ; ; ; ; ; ; ; ; ; ; ; ; ; ; ; ; ; ; ; ; ; ; ; ; ; 
; ; ; ; ; ; ; ; ; ; ; ; ; ; ; ; ; ; ; ; ; ; ; ; ; ; ; ; ; ; ; ; ; ; ; ; ; ; ; ;
 ; ; ; ; ; ; ; ; ; ; ; ; ; ; ; ; ; ; ; ; ; ; ; ; 
 []

! Use of \@xnext doesn't match its definition.
\@freelist ->,
              \bx@G ,,\bx@H ,,\bx@I ,,\bx@J ,,\bx@K ,,\bx@L ,,\bx@M ,,\bx@N ...
l.58 \begin{table}[h!]
                      
If you say, e.g., `\def\a1{...}', then you must always
put `1' after `\a', since control sequence names are
made up of letters only. The macro here has not been
followed by the required stuff, so I'm ignoring it.

Missing character: There is no ö in font cmr10!
Missing character: There is no õ in font cmr10!
Missing character: There is no ô in font cmr10!
Missing character: There is no ó in font cmr10!
Missing character: There is no ò in font cmr10!
Missing character: There is no ñ in font cmr10!
Missing character: There is no ð in font cmr10!
Missing character: There is no ï in font cmr10!
Missing character: There is no î in font cmr10!
Missing character: There is no í in font cmr10!
Missing character: There is no ì in font cmr10!
Missing character: There is no ë in font cmr10!
Missing character: There is no ê in font cmr10!
Missing character: There is no é in font cmr10!
Missing character: There is no è in font cmr10!
Missing character: There is no ç in font cmr10!
Missing character: There is no æ in font cmr10!
Missing character: There is no å in font cmr10!
Missing character: There is no ä in font cmr10!
Missing character: There is no ã in font cmr10!
Missing character: There is no â in font cmr10!
Missing character: There is no á in font cmr10!
Missing character: There is no à in font cmr10!
Missing character: There is no ß in font cmr10!
Missing character: There is no Þ in font cmr10!
Missing character: There is no Ý in font cmr10!
Missing character: There is no Ü in font cmr10!
Missing character: There is no Û in font cmr10!
Missing character: There is no Ú in font cmr10!
Missing character: There is no Ù in font cmr10!
Missing character: There is no Ø in font cmr10!
Missing character: There is no × in font cmr10!
Missing character: There is no Ö in font cmr10!
Missing character: There is no Õ in font cmr10!
Missing character: There is no Ô in font cmr10!
Missing character: There is no Ó in font cmr10!
Missing character: There is no Ò in font cmr10!
Missing character: There is no Ñ in font cmr10!
Missing character: There is no Ð in font cmr10!
Missing character: There is no Ï in font cmr10!
Missing character: There is no Î in font cmr10!
Missing character: There is no Í in font cmr10!
Missing character: There is no Ì in font cmr10!
Missing character: There is no Ë in font cmr10!
Missing character: There is no Ê in font cmr10!
Missing character: There is no É in font cmr10!
! Missing $ inserted.
<inserted text> 
                $
l.58 \begin{table}[h!]
                      
I've inserted a begin-math/end-math symbol since I think
you left one out. Proceed, with fingers crossed.

! Undefined control sequence.
\@next ...mpty #4\else \expandafter \@xnext #2\@@ 
                                                  #1#2#3\fi 
l.58 \begin{table}[h!]
                      
The control sequence at the end of the top line
of your error message was never \def'ed. If you have
misspelled it (e.g., `\hobx'), type `I' and the correct
spelling (e.g., `I\hbox'). Otherwise just continue,
and I'll forget about whatever was undefined.

! Improper \prevdepth.
<recently read> \prevdepth 
                           
l.75 \end{table}
                
You can refer to \spacefactor only in horizontal mode;
you can refer to \prevdepth only in vertical mode; and
neither of these is meaningful inside \write. So
I'm forgetting what you said and using zero instead.

! You can't use `\prevdepth' in math mode.
\@memoldefloat ...a \prevdepth \vbox {}\prevdepth 
                                                  \@tempdima \penalty \@floa...
l.75 \end{table}
                
Sorry, but I'm not programmed to handle this case;
I'll just pretend that you didn't ask for it.
If you're in the wrong mode, you might be able to
return to the right one by typing `I}' or `I$' or `I\par'.

! Missing number, treated as zero.
<to be read again> 
                   \penalty 
l.75 \end{table}
                
A number should have been here; I inserted `0'.
(If you can't figure out why I needed to see a number,
look up `weird error' in the index to The TeXbook.)

! Illegal unit of measure (pt inserted).
<to be read again> 
                   \penalty 
l.75 \end{table}
                
Dimensions can be in units of em, ex, in, pt, pc,
cm, mm, dd, cc, nd, nc, bp, or sp; but yours is a new one!
I'll assume that you meant to say pt, for printer's points.
To recover gracefully from this error, it's best to
delete the erroneous units; e.g., type `2' to delete
two letters. (See Chapter 27 of The TeXbook.)

! Missing $ inserted.
<inserted text> 
                $
l.75 \end{table}
                
I've inserted something that you may have forgotten.
(See the <inserted text> above.)
With luck, this will get me unwedged. But if you
really didn't forget anything, try typing `2' now; then
my insertion and my current dilemma will both disappear.

! \textfont 15 is undefined (character þ).
<inserted text> $
                 
l.75 \end{table}
                
Somewhere in the math formula just ended, you used the
stated character from an undefined font family. For example,
plain TeX doesn't allow \it or \sl in subscripts. Proceed,
and I'll try to forget that I needed that character.

! \textfont 15 is undefined (character ý).
<inserted text> $
                 
l.75 \end{table}
                
Somewhere in the math formula just ended, you used the
stated character from an undefined font family. For example,
plain TeX doesn't allow \it or \sl in subscripts. Proceed,
and I'll try to forget that I needed that character.

! \textfont 15 is undefined (character ü).
<inserted text> $
                 
l.75 \end{table}
                
Somewhere in the math formula just ended, you used the
stated character from an undefined font family. For example,
plain TeX doesn't allow \it or \sl in subscripts. Proceed,
and I'll try to forget that I needed that character.

! \textfont 15 is undefined (character û).
<inserted text> $
                 
l.75 \end{table}
                
Somewhere in the math formula just ended, you used the
stated character from an undefined font family. For example,
plain TeX doesn't allow \it or \sl in subscripts. Proceed,
and I'll try to forget that I needed that character.

Missing character: There is no ø in font cmr10!
Missing character: There is no ÷ in font cmr10!
Missing character: There is no ù in font cmr10!
Missing character: There is no ö in font cmr10!
Missing character: There is no õ in font cmr10!
Missing character: There is no ô in font cmr10!
Missing character: There is no ó in font cmr10!
Missing character: There is no ò in font cmr10!
Missing character: There is no ñ in font cmr10!
Missing character: There is no ð in font cmr10!
Missing character: There is no ï in font cmr10!
Missing character: There is no î in font cmr10!
Missing character: There is no í in font cmr10!
Missing character: There is no ì in font cmr10!
Missing character: There is no ë in font cmr10!
Missing character: There is no ê in font cmr10!
Missing character: There is no é in font cmr10!
Missing character: There is no è in font cmr10!
Missing character: There is no ç in font cmr10!
Missing character: There is no æ in font cmr10!
Missing character: There is no å in font cmr10!
Missing character: There is no ä in font cmr10!
Missing character: There is no ã in font cmr10!
Missing character: There is no â in font cmr10!
Missing character: There is no á in font cmr10!
Missing character: There is no à in font cmr10!
Missing character: There is no ß in font cmr10!
Missing character: There is no Þ in font cmr10!
Missing character: There is no Ý in font cmr10!
Missing character: There is no Ü in font cmr10!
Missing character: There is no Û in font cmr10!
Missing character: There is no Ú in font cmr10!
Missing character: There is no Ù in font cmr10!
Missing character: There is no Ø in font cmr10!
Missing character: There is no × in font cmr10!
Missing character: There is no Ö in font cmr10!
Missing character: There is no Õ in font cmr10!
Missing character: There is no Ô in font cmr10!
Missing character: There is no Ó in font cmr10!
Missing character: There is no Ò in font cmr10!
Missing character: There is no Ñ in font cmr10!
Missing character: There is no Ð in font cmr10!
Missing character: There is no Ï in font cmr10!
Missing character: There is no Î in font cmr10!
Missing character: There is no Í in font cmr10!
Missing character: There is no Ì in font cmr10!
Missing character: There is no Ë in font cmr10!
Missing character: There is no Ê in font cmr10!
Missing character: There is no É in font cmr10!
! \textfont 15 is undefined (character þ).
<inserted text> $
                 
l.75 \end{table}
                
Somewhere in the math formula just ended, you used the
stated character from an undefined font family. For example,
plain TeX doesn't allow \it or \sl in subscripts. Proceed,
and I'll try to forget that I needed that character.

! \textfont 15 is undefined (character ý).
<inserted text> $
                 
l.75 \end{table}
                
Somewhere in the math formula just ended, you used the
stated character from an undefined font family. For example,
plain TeX doesn't allow \it or \sl in subscripts. Proceed,
and I'll try to forget that I needed that character.

! \textfont 15 is undefined (character ü).
<inserted text> $
                 
l.75 \end{table}
                
Somewhere in the math formula just ended, you used the
stated character from an undefined font family. For example,
plain TeX doesn't allow \it or \sl in subscripts. Proceed,
and I'll try to forget that I needed that character.

! \textfont 15 is undefined (character û).
<inserted text> $
                 
l.75 \end{table}
                
Somewhere in the math formula just ended, you used the
stated character from an undefined font family. For example,
plain TeX doesn't allow \it or \sl in subscripts. Proceed,
and I'll try to forget that I needed that character.

Missing character: There is no ø in font cmr10!
Missing character: There is no ÷ in font cmr10!

Overfull \hbox (419.06143pt too wide) in paragraph at lines 58--79
[]\OT1/cmr/m/n/10.95 ,,,,,,,,,,,,,,,,,,,,,,,,,,,,,,,,,,,,,,,,,,,,,,,,,,,,,,,,,,
,,,,,,,,,,,,,,,,,,,,,,,,,,,,,,,,,,$\OML/cmm/m/it/10.95 ; ; ; ; ; ; ; ; ; ; ; ; 
; ; ; ; ; ; ; ; ; ; ; ; ; ; ; ; ; ; ; ; ; ; ; ; ; ; ; ; ; ; ; ; ; ; ; ; ; ; ; ;
 ; ; ; ; ; ; ; ; ; ; ; ; ; ; ; ; ; ; ; ; ; ; ; ; ; ; ; ; ; ; ; ; ; ; ; ; ; ; ; 
; ; ; ; ; ; ; ; ; ; ; ; ; ; ; ; ; ; ; ; ; ; ; ;
 []


Underfull \hbox (badness 10000) in paragraph at lines 58--79
[]
 []

)pdfTeX warning (ext4): destination with the same identifier (name{page.1}) has
 been already used, duplicate ignored
<to be read again> 
                   \relax 
l.58 \include{Certificate}
                           [1



]

! LaTeX Error: Float(s) lost.

See the LaTeX manual or LaTeX Companion for explanation.
Type  H <return>  for immediate help.
 ...                                              
                                                  
l.58 \include{Certificate}
                          
You've lost some text.  Try typing  <return>  to proceed.
If that doesn't work, type  X <return>  to quit.

Package atveryend Info: Empty hook `BeforeClearDocument' on input line 62.
Package atveryend Info: Empty hook `AfterLastShipout' on input line 62.
(./FrontPage.aux (./Title.aux) (./Certificate.aux))
Package atveryend Info: Executing hook `AtVeryEndDocument' on input line 62.
Package atveryend Info: Executing hook `AtEndAfterFileList' on input line 62.
Package rerunfilecheck Info: File `FrontPage.out' has not changed.
(rerunfilecheck)             Checksum: D41D8CD98F00B204E9800998ECF8427E;0.
Package atveryend Info: Empty hook `AtVeryVeryEnd' on input line 62.
 ) 
Here is how much of TeX's memory you used:
 11798 strings out of 481239
 173938 string characters out of 5920377
 492834 words of memory out of 5000000
 26888 multiletter control sequences out of 15000+600000
 539734 words of font info for 48 fonts, out of 8000000 for 9000
 1141 hyphenation exceptions out of 8191
 34i,11n,36p,240b,414s stack positions out of 5000i,500n,10000p,200000b,80000s
</usr/share/texlive/texmf-dist/fonts/type1/public/amsfonts/cm/cmbx10.pfb></us
r/share/texlive/texmf-dist/fonts/type1/public/amsfonts/cm/cmbx12.pfb></usr/shar
e/texlive/texmf-dist/fonts/type1/public/amsfonts/cm/cmbx9.pfb></usr/share/texli
ve/texmf-dist/fonts/type1/public/amsfonts/cm/cmbxti10.pfb></usr/share/texlive/t
exmf-dist/fonts/type1/public/amsfonts/cm/cmmi10.pfb></usr/share/texlive/texmf-d
ist/fonts/type1/public/amsfonts/cm/cmr10.pfb></usr/share/texlive/texmf-dist/fon
ts/type1/public/amsfonts/cm/cmr12.pfb></usr/share/texlive/texmf-dist/fonts/type
1/public/amsfonts/cm/cmr17.pfb></usr/share/texlive/texmf-dist/fonts/type1/publi
c/amsfonts/cm/cmti10.pfb>
Output written on FrontPage.pdf (2 pages, 346825 bytes).
PDF statistics:
 59 PDF objects out of 1000 (max. 8388607)
 41 compressed objects within 1 object stream
 4 named destinations out of 1000 (max. 500000)
 11 words of extra memory for PDF output out of 10000 (max. 10000000)

