This is pdfTeX, Version 3.141592653-2.6-1.40.23 (MiKTeX 21.10) (preloaded format=pdflatex 2021.11.24)  24 JAN 2022 17:42
entering extended mode
**./report.tex
(report.tex
LaTeX2e <2021-06-01> patch level 1
L3 programming layer <2021-10-18> (Classes/VTU.cls

LaTeX Warning: You have requested document class `Classes/VTU',
               but the document class provides `CUEDthesisPSnPDF'.

Document Class: CUEDthesisPSnPDF 2003/01/11 v1.2 CUED thesis class

(C:\Users\VISHNUTEJA SREEDHAR\AppData\Local\Programs\MiKTeX\tex/latex/base\repo
rt.cls
Document Class: report 2021/02/12 v1.4n Standard LaTeX document class

(C:\Users\VISHNUTEJA SREEDHAR\AppData\Local\Programs\MiKTeX\tex/latex/base\size
12.clo
File: size12.clo 2021/02/12 v1.4n Standard LaTeX file (size option)
)
\c@part=\count182
\c@chapter=\count183
\c@section=\count184
\c@subsection=\count185
\c@subsubsection=\count186
\c@paragraph=\count187
\c@subparagraph=\count188
\c@figure=\count189
\c@table=\count190
\abovecaptionskip=\skip47
\belowcaptionskip=\skip48
\bibindent=\dimen138
)
(C:\Users\VISHNUTEJA SREEDHAR\AppData\Local\Programs\MiKTeX\tex/latex/amsfonts\
amssymb.sty
Package: amssymb 2013/01/14 v3.01 AMS font symbols

(C:\Users\VISHNUTEJA SREEDHAR\AppData\Local\Programs\MiKTeX\tex/latex/amsfonts\
amsfonts.sty
Package: amsfonts 2013/01/14 v3.01 Basic AMSFonts support
\@emptytoks=\toks16
\symAMSa=\mathgroup4
\symAMSb=\mathgroup5
LaTeX Font Info:    Redeclaring math symbol \hbar on input line 98.
LaTeX Font Info:    Overwriting math alphabet `\mathfrak' in version `bold'
(Font)                  U/euf/m/n --> U/euf/b/n on input line 106.
))
(C:\Users\VISHNUTEJA SREEDHAR\AppData\Local\Programs\MiKTeX\tex/latex/graphics\
graphics.sty
Package: graphics 2021/03/04 v1.4d Standard LaTeX Graphics (DPC,SPQR)

(C:\Users\VISHNUTEJA SREEDHAR\AppData\Local\Programs\MiKTeX\tex/latex/graphics\
trig.sty
Package: trig 2016/01/03 v1.10 sin cos tan (DPC)
)
(C:\Users\VISHNUTEJA SREEDHAR\AppData\Local\Programs\MiKTeX\tex/latex/graphics-
cfg\graphics.cfg
File: graphics.cfg 2016/06/04 v1.11 sample graphics configuration
)
Package graphics Info: Driver file: pdftex.def on input line 107.

(C:\Users\VISHNUTEJA SREEDHAR\AppData\Local\Programs\MiKTeX\tex/latex/graphics-
def\pdftex.def
File: pdftex.def 2020/10/05 v1.2a Graphics/color driver for pdftex
))
(C:\Users\VISHNUTEJA SREEDHAR\AppData\Local\Programs\MiKTeX\tex/latex/fancyhdr\
fancyhdr.sty
Package: fancyhdr 2021/01/28 v4.0.1 Extensive control of page headers and foote
rs
\f@nch@headwidth=\skip49
\f@nch@O@elh=\skip50
\f@nch@O@erh=\skip51
\f@nch@O@olh=\skip52
\f@nch@O@orh=\skip53
\f@nch@O@elf=\skip54
\f@nch@O@erf=\skip55
\f@nch@O@olf=\skip56
\f@nch@O@orf=\skip57
)
(C:\Users\VISHNUTEJA SREEDHAR\AppData\Local\Programs\MiKTeX\tex/latex/amsfonts\
eucal.sty
Package: eucal 2009/06/22 v3.00 Euler Script fonts
LaTeX Font Info:    Overwriting math alphabet `\EuScript' in version `bold'
(Font)                  U/eus/m/n --> U/eus/b/n on input line 33.
)
(C:\Users\VISHNUTEJA SREEDHAR\AppData\Local\Programs\MiKTeX\tex/generic/babel\b
abel.sty
Package: babel 2021/10/19 3.65 The Babel package
\babel@savecnt=\count191
\U@D=\dimen139
\l@unhyphenated=\language79

(C:\Users\VISHNUTEJA SREEDHAR\AppData\Local\Programs\MiKTeX\tex/generic/babel\t
xtbabel.def)
\bbl@readstream=\read2
\bbl@dirlevel=\count192

*************************************
* Local config file bblopts.cfg used
*

(C:\Users\VISHNUTEJA SREEDHAR\AppData\Local\Programs\MiKTeX\tex/latex/arabi\bbl
opts.cfg
File: bblopts.cfg 2005/09/08 v0.1 add Arabic and Farsi to "declared" options of
 babel
)
(C:\Users\VISHNUTEJA SREEDHAR\AppData\Local\Programs\MiKTeX\tex/latex/babel-eng
lish\english.ldf
Language: english 2017/06/06 v3.3r English support from the babel system
Package babel Info: Hyphen rules for 'canadian' set to \l@english
(babel)             (\language0). Reported on input line 102.
Package babel Info: Hyphen rules for 'australian' set to \l@ukenglish
(babel)             (\language73). Reported on input line 105.
Package babel Info: Hyphen rules for 'newzealand' set to \l@ukenglish
(babel)             (\language73). Reported on input line 108.
))
(C:\Users\VISHNUTEJA SREEDHAR\AppData\Local\Programs\MiKTeX\tex/latex/graphics\
color.sty
Package: color 2020/02/24 v1.2b Standard LaTeX Color (DPC)

(C:\Users\VISHNUTEJA SREEDHAR\AppData\Local\Programs\MiKTeX\tex/latex/graphics-
cfg\color.cfg
File: color.cfg 2016/01/02 v1.6 sample color configuration
)
Package color Info: Driver file: pdftex.def on input line 149.

(C:\Users\VISHNUTEJA SREEDHAR\AppData\Local\Programs\MiKTeX\tex/latex/graphics\
dvipsnam.def
File: dvipsnam.def 2016/06/17 v3.0m Driver-dependent file (DPC,SPQR)
))
(C:\Users\VISHNUTEJA SREEDHAR\AppData\Local\Programs\MiKTeX\tex/latex/footmisc\
footmisc.sty
Package: footmisc 2011/06/06 v5.5b a miscellany of footnote facilities
\FN@temptoken=\toks17
\footnotemargin=\dimen140
\c@pp@next@reset=\count193
\c@@fnserial=\count194
Package footmisc Info: Declaring symbol style bringhurst on input line 855.
Package footmisc Info: Declaring symbol style chicago on input line 863.
Package footmisc Info: Declaring symbol style wiley on input line 872.
Package footmisc Info: Declaring symbol style lamport-robust on input line 883.

Package footmisc Info: Declaring symbol style lamport* on input line 903.
Package footmisc Info: Declaring symbol style lamport*-robust on input line 924
.
)
(C:\Users\VISHNUTEJA SREEDHAR\AppData\Local\Programs\MiKTeX\tex/latex/natbib\na
tbib.sty
Package: natbib 2010/09/13 8.31b (PWD, AO)
\bibhang=\skip58
\bibsep=\skip59
LaTeX Info: Redefining \cite on input line 694.
\c@NAT@ctr=\count195
)
(C:\Users\VISHNUTEJA SREEDHAR\AppData\Local\Programs\MiKTeX\tex/latex/base\ifth
en.sty
Package: ifthen 2020/11/24 v1.1c Standard LaTeX ifthen package (DPC)
)
(C:\Users\VISHNUTEJA SREEDHAR\AppData\Local\Programs\MiKTeX\tex/generic/iftex\i
fpdf.sty
Package: ifpdf 2019/10/25 v3.4 ifpdf legacy package. Use iftex instead.

(C:\Users\VISHNUTEJA SREEDHAR\AppData\Local\Programs\MiKTeX\tex/generic/iftex\i
ftex.sty
Package: iftex 2020/03/06 v1.0d TeX engine tests
))
(C:\Users\VISHNUTEJA SREEDHAR\AppData\Local\Programs\MiKTeX\tex/latex/nomencl\n
omencl.sty
Package: nomencl 2021/11/10 v5.6 Nomenclature package

(C:\Users\VISHNUTEJA SREEDHAR\AppData\Local\Programs\MiKTeX\tex/latex/xkeyval\x
keyval.sty
Package: xkeyval 2020/11/20 v2.8 package option processing (HA)

(C:\Users\VISHNUTEJA SREEDHAR\AppData\Local\Programs\MiKTeX\tex/generic/xkeyval
\xkeyval.tex
(C:\Users\VISHNUTEJA SREEDHAR\AppData\Local\Programs\MiKTeX\tex/generic/xkeyval
\xkvutils.tex
\XKV@toks=\toks18
\XKV@tempa@toks=\toks19

(C:\Users\VISHNUTEJA SREEDHAR\AppData\Local\Programs\MiKTeX\tex/generic/xkeyval
\keyval.tex))
\XKV@depth=\count196
File: xkeyval.tex 2014/12/03 v2.7a key=value parser (HA)
))
(C:\Users\VISHNUTEJA SREEDHAR\AppData\Local\Programs\MiKTeX\tex/latex/koma-scri
pt\tocbasic.sty
Package: tocbasic 2021/11/13 v3.35 KOMA-Script package (handling toc-files)

(C:\Users\VISHNUTEJA SREEDHAR\AppData\Local\Programs\MiKTeX\tex/latex/koma-scri
pt\scrbase.sty
Package: scrbase 2021/11/13 v3.35 KOMA-Script package (KOMA-Script-independent 
basics and keyval usage)

(C:\Users\VISHNUTEJA SREEDHAR\AppData\Local\Programs\MiKTeX\tex/latex/koma-scri
pt\scrlfile.sty
Package: scrlfile 2021/11/13 v3.35 KOMA-Script package (file load hooks)

(C:\Users\VISHNUTEJA SREEDHAR\AppData\Local\Programs\MiKTeX\tex/latex/koma-scri
pt\scrlfile-hook-3.34.sty
Package: scrlfile-hook-3.34 2021/11/13 v3.35 KOMA-Script package (using LaTeX h
ooks)

(C:\Users\VISHNUTEJA SREEDHAR\AppData\Local\Programs\MiKTeX\tex/latex/koma-scri
pt\scrlogo.sty
Package: scrlogo 2021/11/13 v3.35 KOMA-Script package (logo)
)))
Applying: [2021/05/01] Usage of raw or classic option list on input line 252.
Already applied: [0000/00/00] Usage of raw or classic option list on input line
 368.
)
\scr@dte@tocline@numberwidth=\skip60
\scr@dte@tocline@numbox=\box50
)
Package tocbasic Info: setting babel extension for `nlo' on input line 187.
Package tocbasic Info: setting babel extension for `nls' on input line 188.
\nomlabelwidth=\dimen141
\nom@tempdim=\dimen142
\nomitemsep=\skip61
)
\@nomenclaturefile=\write3
\openout3 = `report.nlo'.

Package nomencl Info: Writing nomenclature file report.nlo on input line 48.

(C:\Users\VISHNUTEJA SREEDHAR\AppData\Local\Programs\MiKTeX\tex/latex/hyperref\
hyperref.sty
Package: hyperref 2021-06-07 v7.00m Hypertext links for LaTeX

(C:\Users\VISHNUTEJA SREEDHAR\AppData\Local\Programs\MiKTeX\tex/generic/ltxcmds
\ltxcmds.sty
Package: ltxcmds 2020-05-10 v1.25 LaTeX kernel commands for general use (HO)
)
(C:\Users\VISHNUTEJA SREEDHAR\AppData\Local\Programs\MiKTeX\tex/generic/pdftexc
mds\pdftexcmds.sty
Package: pdftexcmds 2020-06-27 v0.33 Utility functions of pdfTeX for LuaTeX (HO
)

(C:\Users\VISHNUTEJA SREEDHAR\AppData\Local\Programs\MiKTeX\tex/generic/infware
rr\infwarerr.sty
Package: infwarerr 2019/12/03 v1.5 Providing info/warning/error messages (HO)
)
Package pdftexcmds Info: \pdf@primitive is available.
Package pdftexcmds Info: \pdf@ifprimitive is available.
Package pdftexcmds Info: \pdfdraftmode found.
)
(C:\Users\VISHNUTEJA SREEDHAR\AppData\Local\Programs\MiKTeX\tex/generic/kvsetke
ys\kvsetkeys.sty
Package: kvsetkeys 2019/12/15 v1.18 Key value parser (HO)
)
(C:\Users\VISHNUTEJA SREEDHAR\AppData\Local\Programs\MiKTeX\tex/generic/kvdefin
ekeys\kvdefinekeys.sty
Package: kvdefinekeys 2019-12-19 v1.6 Define keys (HO)
)
(C:\Users\VISHNUTEJA SREEDHAR\AppData\Local\Programs\MiKTeX\tex/generic/pdfesca
pe\pdfescape.sty
Package: pdfescape 2019/12/09 v1.15 Implements pdfTeX's escape features (HO)
)
(C:\Users\VISHNUTEJA SREEDHAR\AppData\Local\Programs\MiKTeX\tex/latex/hycolor\h
ycolor.sty
Package: hycolor 2020-01-27 v1.10 Color options for hyperref/bookmark (HO)
)
(C:\Users\VISHNUTEJA SREEDHAR\AppData\Local\Programs\MiKTeX\tex/latex/letltxmac
ro\letltxmacro.sty
Package: letltxmacro 2019/12/03 v1.6 Let assignment for LaTeX macros (HO)
)
(C:\Users\VISHNUTEJA SREEDHAR\AppData\Local\Programs\MiKTeX\tex/latex/auxhook\a
uxhook.sty
Package: auxhook 2019-12-17 v1.6 Hooks for auxiliary files (HO)
)
(C:\Users\VISHNUTEJA SREEDHAR\AppData\Local\Programs\MiKTeX\tex/latex/kvoptions
\kvoptions.sty
Package: kvoptions 2020-10-07 v3.14 Key value format for package options (HO)
)
\@linkdim=\dimen143
\Hy@linkcounter=\count197
\Hy@pagecounter=\count198

(C:\Users\VISHNUTEJA SREEDHAR\AppData\Local\Programs\MiKTeX\tex/latex/hyperref\
pd1enc.def
File: pd1enc.def 2021-06-07 v7.00m Hyperref: PDFDocEncoding definition (HO)
Now handling font encoding PD1 ...
... no UTF-8 mapping file for font encoding PD1
)
(C:\Users\VISHNUTEJA SREEDHAR\AppData\Local\Programs\MiKTeX\tex/latex/hyperref\
hyperref-langpatches.def
File: hyperref-langpatches.def 2021-06-07 v7.00m Hyperref: patches for babel la
nguages
)
(C:\Users\VISHNUTEJA SREEDHAR\AppData\Local\Programs\MiKTeX\tex/generic/intcalc
\intcalc.sty
Package: intcalc 2019/12/15 v1.3 Expandable calculations with integers (HO)
)
(C:\Users\VISHNUTEJA SREEDHAR\AppData\Local\Programs\MiKTeX\tex/generic/etexcmd
s\etexcmds.sty
Package: etexcmds 2019/12/15 v1.7 Avoid name clashes with e-TeX commands (HO)
)
\Hy@SavedSpaceFactor=\count199

(C:\Users\VISHNUTEJA SREEDHAR\AppData\Local\Programs\MiKTeX\tex/latex/hyperref\
puenc.def
File: puenc.def 2021-06-07 v7.00m Hyperref: PDF Unicode definition (HO)
Now handling font encoding PU ...
... no UTF-8 mapping file for font encoding PU
)

Package hyperref Warning: Values of option `pdfpagelayout':
(hyperref)                * `SinglePage'
(hyperref)                * `OneColumn'
(hyperref)                * `TwoColumnLeft'
(hyperref)                * `TwoColumnRight'
(hyperref)                * `TwoPageLeft' (PDF 1.5)
(hyperref)                * `TwoPageRight' (PDF 1.5)
(hyperref)                * An empty value disables the option.
(hyperref)                Unknown value `useoutlines' on input line 4073.

Package hyperref Info: Option `bookmarks' set `true' on input line 4073.
Package hyperref Info: Option `bookmarksopen' set `true' on input line 4073.
Package hyperref Info: Option `bookmarksnumbered' set `true' on input line 4073
.
Package hyperref Info: Option `breaklinks' set `true' on input line 4073.
Package hyperref Info: Option `linktocpage' set `true' on input line 4073.
Package hyperref Info: Option `colorlinks' set `true' on input line 4073.
Package hyperref Info: Option `hyperindex' set `true' on input line 4073.
Package hyperref Info: Option `hyperfigures' set `true' on input line 4073.
Package hyperref Info: Hyper figures ON on input line 4190.
Package hyperref Info: Link nesting OFF on input line 4197.
Package hyperref Info: Hyper index ON on input line 4200.
Package hyperref Info: Plain pages OFF on input line 4207.
Package hyperref Info: Backreferencing OFF on input line 4212.
Package hyperref Info: Implicit mode ON; LaTeX internals redefined.
Package hyperref Info: Bookmarks ON on input line 4445.
\c@Hy@tempcnt=\count266

(C:\Users\VISHNUTEJA SREEDHAR\AppData\Local\Programs\MiKTeX\tex/latex/url\url.s
ty
\Urlmuskip=\muskip16
Package: url 2013/09/16  ver 3.4  Verb mode for urls, etc.
)
LaTeX Info: Redefining \url on input line 4804.
\XeTeXLinkMargin=\dimen144

(C:\Users\VISHNUTEJA SREEDHAR\AppData\Local\Programs\MiKTeX\tex/generic/bitset\
bitset.sty
Package: bitset 2019/12/09 v1.3 Handle bit-vector datatype (HO)

(C:\Users\VISHNUTEJA SREEDHAR\AppData\Local\Programs\MiKTeX\tex/generic/bigintc
alc\bigintcalc.sty
Package: bigintcalc 2019/12/15 v1.5 Expandable calculations on big integers (HO
)
))
\Fld@menulength=\count267
\Field@Width=\dimen145
\Fld@charsize=\dimen146
Package hyperref Info: Hyper figures ON on input line 6074.
Package hyperref Info: Link nesting OFF on input line 6081.
Package hyperref Info: Hyper index ON on input line 6084.
Package hyperref Info: backreferencing OFF on input line 6091.
Package hyperref Info: Link coloring ON on input line 6094.
Package hyperref Info: Link coloring with OCG OFF on input line 6101.
Package hyperref Info: PDF/A mode OFF on input line 6106.
LaTeX Info: Redefining \ref on input line 6146.
LaTeX Info: Redefining \pageref on input line 6150.

(C:\Users\VISHNUTEJA SREEDHAR\AppData\Local\Programs\MiKTeX\tex/latex/base\atbe
gshi-ltx.sty
Package: atbegshi-ltx 2021/01/10 v1.0c Emulation of the original atbegshi
package with kernel methods
)
\Hy@abspage=\count268
\c@Item=\count269
\c@Hfootnote=\count270
)
Package hyperref Info: Driver: hpdftex.

(C:\Users\VISHNUTEJA SREEDHAR\AppData\Local\Programs\MiKTeX\tex/latex/hyperref\
hpdftex.def
File: hpdftex.def 2021-06-07 v7.00m Hyperref driver for pdfTeX

(C:\Users\VISHNUTEJA SREEDHAR\AppData\Local\Programs\MiKTeX\tex/latex/base\atve
ryend-ltx.sty
Package: atveryend-ltx 2020/08/19 v1.0a Emulation of the original atvery packag
e
with kernel methods
)
\Fld@listcount=\count271
\c@bookmark@seq@number=\count272

(C:\Users\VISHNUTEJA SREEDHAR\AppData\Local\Programs\MiKTeX\tex/latex/rerunfile
check\rerunfilecheck.sty
Package: rerunfilecheck 2019/12/05 v1.9 Rerun checks for auxiliary files (HO)

(C:\Users\VISHNUTEJA SREEDHAR\AppData\Local\Programs\MiKTeX\tex/generic/uniquec
ounter\uniquecounter.sty
Package: uniquecounter 2019/12/15 v1.4 Provide unlimited unique counter (HO)
)
Package uniquecounter Info: New unique counter `rerunfilecheck' on input line 2
86.
)
\Hy@SectionHShift=\skip62
)
(C:\Users\VISHNUTEJA SREEDHAR\AppData\Local\Programs\MiKTeX\tex/latex/graphics\
graphicx.sty
Package: graphicx 2020/12/05 v1.2c Enhanced LaTeX Graphics (DPC,SPQR)
\Gin@req@height=\dimen147
\Gin@req@width=\dimen148
)) (StyleFiles/watermark.sty

LaTeX Warning: You have requested package `StyleFiles/watermark',
               but the package provides `watermark'.

Package: watermark 2002/01/29 v1.00 Watermarks (NCC)
)
(C:\Users\VISHNUTEJA SREEDHAR\AppData\Local\Programs\MiKTeX\tex/latex/multirow\
multirow.sty
Package: multirow 2021/03/15 v2.8 Span multiple rows of a table
\multirow@colwidth=\skip63
\multirow@cntb=\count273
\multirow@dima=\skip64
\bigstrutjot=\dimen149
)
(C:\Users\VISHNUTEJA SREEDHAR\AppData\Local\Programs\MiKTeX\tex/latex/graphics\
epsfig.sty
Package: epsfig 2017/06/25 v1.7b (e)psfig emulation (SPQR)
\epsfxsize=\dimen150
\epsfysize=\dimen151
)
(C:\Users\VISHNUTEJA SREEDHAR\AppData\Local\Programs\MiKTeX\tex/latex/tools\enu
merate.sty
Package: enumerate 2015/07/23 v3.00 enumerate extensions (DPC)
\@enLab=\toks20
)
(C:\Users\VISHNUTEJA SREEDHAR\AppData\Local\Programs\MiKTeX\tex/latex/amsmath\a
msmath.sty
Package: amsmath 2021/04/20 v2.17j AMS math features
\@mathmargin=\skip65

For additional information on amsmath, use the `?' option.

(C:\Users\VISHNUTEJA SREEDHAR\AppData\Local\Programs\MiKTeX\tex/latex/amsmath\a
mstext.sty
Package: amstext 2000/06/29 v2.01 AMS text

(C:\Users\VISHNUTEJA SREEDHAR\AppData\Local\Programs\MiKTeX\tex/latex/amsmath\a
msgen.sty
File: amsgen.sty 1999/11/30 v2.0 generic functions
\@emptytoks=\toks21
\ex@=\dimen152
))
(C:\Users\VISHNUTEJA SREEDHAR\AppData\Local\Programs\MiKTeX\tex/latex/amsmath\a
msbsy.sty
Package: amsbsy 1999/11/29 v1.2d Bold Symbols
\pmbraise@=\dimen153
)
(C:\Users\VISHNUTEJA SREEDHAR\AppData\Local\Programs\MiKTeX\tex/latex/amsmath\a
msopn.sty
Package: amsopn 2016/03/08 v2.02 operator names
)
\inf@bad=\count274
LaTeX Info: Redefining \frac on input line 234.
\uproot@=\count275
\leftroot@=\count276
LaTeX Info: Redefining \overline on input line 399.
\classnum@=\count277
\DOTSCASE@=\count278
LaTeX Info: Redefining \ldots on input line 496.
LaTeX Info: Redefining \dots on input line 499.
LaTeX Info: Redefining \cdots on input line 620.
\Mathstrutbox@=\box51
\strutbox@=\box52
\big@size=\dimen154
LaTeX Font Info:    Redeclaring font encoding OML on input line 743.
LaTeX Font Info:    Redeclaring font encoding OMS on input line 744.
\macc@depth=\count279
\c@MaxMatrixCols=\count280
\dotsspace@=\muskip17
\c@parentequation=\count281
\dspbrk@lvl=\count282
\tag@help=\toks22
\row@=\count283
\column@=\count284
\maxfields@=\count285
\andhelp@=\toks23
\eqnshift@=\dimen155
\alignsep@=\dimen156
\tagshift@=\dimen157
\tagwidth@=\dimen158
\totwidth@=\dimen159
\lineht@=\dimen160
\@envbody=\toks24
\multlinegap=\skip66
\multlinetaggap=\skip67
\mathdisplay@stack=\toks25
LaTeX Info: Redefining \[ on input line 2923.
LaTeX Info: Redefining \] on input line 2924.
)
(C:\Users\VISHNUTEJA SREEDHAR\AppData\Local\Programs\MiKTeX\tex/latex/amscls\am
sthm.sty
Package: amsthm 2020/05/29 v2.20.6
\thm@style=\toks26
\thm@bodyfont=\toks27
\thm@headfont=\toks28
\thm@notefont=\toks29
\thm@headpunct=\toks30
\thm@preskip=\skip68
\thm@postskip=\skip69
\thm@headsep=\skip70
\dth@everypar=\toks31
)
(C:\Users\VISHNUTEJA SREEDHAR\AppData\Local\Programs\MiKTeX\tex/latex/amsmath\a
mscd.sty
Package: amscd 2017/04/14 v2.1 AMS Commutative Diagrams
\athelp@=\toks32
\minaw@=\dimen161
\bigaw@=\dimen162
\minCDarrowwidth=\dimen163
)
(C:\Users\VISHNUTEJA SREEDHAR\AppData\Local\Programs\MiKTeX\tex/latex/graphics\
rotating.sty
Package: rotating 2016/08/11 v2.16d rotated objects in LaTeX
\c@r@tfl@t=\count286
\rotFPtop=\skip71
\rotFPbot=\skip72
\rot@float@box=\box53
\rot@mess@toks=\toks33
)
(C:\Users\VISHNUTEJA SREEDHAR\AppData\Local\Programs\MiKTeX\tex/latex/algorithm
s\algorithm.sty
Package: algorithm 2009/08/24 v0.1 Document Style `algorithm' - floating enviro
nment

(C:\Users\VISHNUTEJA SREEDHAR\AppData\Local\Programs\MiKTeX\tex/latex/float\flo
at.sty
Package: float 2001/11/08 v1.3d Float enhancements (AL)
\c@float@type=\count287
\float@exts=\toks34
\float@box=\box54
\@float@everytoks=\toks35
\@floatcapt=\box55
)
\@float@every@algorithm=\toks36
\c@algorithm=\count288
)
(C:\Users\VISHNUTEJA SREEDHAR\AppData\Local\Programs\MiKTeX\tex/latex/algorithm
s\algorithmic.sty
Package: algorithmic 2009/08/24 v0.1 Document Style `algorithmic'
\c@ALC@unique=\count289
\c@ALC@line=\count290
\c@ALC@rem=\count291
\c@ALC@depth=\count292
\ALC@tlm=\skip73
\algorithmicindent=\skip74
)
(C:\Users\VISHNUTEJA SREEDHAR\AppData\Local\Programs\MiKTeX\tex/latex/setspace\
setspace.sty
Package: setspace 2011/12/19 v6.7a set line spacing
)
(C:\Users\VISHNUTEJA SREEDHAR\AppData\Local\Programs\MiKTeX\tex/latex/base\font
enc.sty
Package: fontenc 2021/04/29 v2.0v Standard LaTeX package
)
(C:\Users\VISHNUTEJA SREEDHAR\AppData\Local\Programs\MiKTeX\tex/latex/base\allt
t.sty
Package: alltt 2021/01/29 v2.0g defines alltt environment
)
(C:\Users\VISHNUTEJA SREEDHAR\AppData\Local\Programs\MiKTeX\tex/latex/tools\arr
ay.sty
Package: array 2021/04/20 v2.5e Tabular extension package (FMi)
\col@sep=\dimen164
\ar@mcellbox=\box56
\extrarowheight=\dimen165
\NC@list=\toks37
\extratabsurround=\skip75
\backup@length=\skip76
\ar@cellbox=\box57
)
(C:\Users\VISHNUTEJA SREEDHAR\AppData\Local\Programs\MiKTeX\tex/latex/pdfpages\
pdfpages.sty
Package: pdfpages 2021/03/06 v0.5t Insert pages of external PDF documents (AM)

(C:\Users\VISHNUTEJA SREEDHAR\AppData\Local\Programs\MiKTeX\tex/latex/tools\cal
c.sty
Package: calc 2017/05/25 v4.3 Infix arithmetic (KKT,FJ)
\calc@Acount=\count293
\calc@Bcount=\count294
\calc@Adimen=\dimen166
\calc@Bdimen=\dimen167
\calc@Askip=\skip77
\calc@Bskip=\skip78
LaTeX Info: Redefining \setlength on input line 80.
LaTeX Info: Redefining \addtolength on input line 81.
\calc@Ccount=\count295
\calc@Cskip=\skip79
)
(C:\Users\VISHNUTEJA SREEDHAR\AppData\Local\Programs\MiKTeX\tex/latex/eso-pic\e
so-pic.sty
Package: eso-pic 2020/10/14 v3.0a eso-pic (RN)
\ESO@tempdima=\dimen168
\ESO@tempdimb=\dimen169
)
\AM@pagewidth=\dimen170
\AM@pageheight=\dimen171
\AM@fboxrule=\dimen172

(C:\Users\VISHNUTEJA SREEDHAR\AppData\Local\Programs\MiKTeX\tex/latex/pdfpages\
pppdftex.def
File: pppdftex.def 2021/03/06 v0.5t Pdfpages driver for pdfTeX (AM)
)
\pdfpages@includegraphics@status=\count296
\AM@pagebox=\box58
\AM@global@opts=\toks38
\AM@pagecnt=\count297
\AM@toc@title=\toks39
\c@AM@survey=\count298
\AM@templatesizebox=\box59
)
(C:\Users\VISHNUTEJA SREEDHAR\AppData\Local\Programs\MiKTeX\tex/latex/l3backend
\l3backend-pdftex.def
File: l3backend-pdftex.def 2021-10-18 L3 backend support: PDF output (pdfTeX)
\l__color_backend_stack_int=\count299
\l__pdf_internal_box=\box60
) (report.aux (Declaration/declaration.aux)
(Acknowledgement/acknowledgement.aux) (Abstract/abstract.aux)
(Introduction/introduction.aux) (HighLevelDesign/highLevelDesign.aux)
(DetailedDesign/detailedDesign.aux) (Implementation/implementation.aux)
(Testing/testing.aux) (ConclusionsFutureScope/conclusionsFutureScope.aux)
(Appendix1/appendix1.aux) (Appendix2/appendix2.aux))
\openout1 = `report.aux'.

LaTeX Font Info:    Checking defaults for OML/cmm/m/it on input line 46.
LaTeX Font Info:    ... okay on input line 46.
LaTeX Font Info:    Checking defaults for OMS/cmsy/m/n on input line 46.
LaTeX Font Info:    ... okay on input line 46.
LaTeX Font Info:    Checking defaults for OT1/cmr/m/n on input line 46.
LaTeX Font Info:    ... okay on input line 46.
LaTeX Font Info:    Checking defaults for T1/cmr/m/n on input line 46.
LaTeX Font Info:    ... okay on input line 46.
LaTeX Font Info:    Checking defaults for TS1/cmr/m/n on input line 46.
LaTeX Font Info:    ... okay on input line 46.
LaTeX Font Info:    Checking defaults for OMX/cmex/m/n on input line 46.
LaTeX Font Info:    ... okay on input line 46.
LaTeX Font Info:    Checking defaults for U/cmr/m/n on input line 46.
LaTeX Font Info:    ... okay on input line 46.
LaTeX Font Info:    Checking defaults for PD1/pdf/m/n on input line 46.
LaTeX Font Info:    ... okay on input line 46.
LaTeX Font Info:    Checking defaults for PU/pdf/m/n on input line 46.
LaTeX Font Info:    ... okay on input line 46.

(C:\Users\VISHNUTEJA SREEDHAR\AppData\Local\Programs\MiKTeX\tex/context/base/mk
ii\supp-pdf.mkii
[Loading MPS to PDF converter (version 2006.09.02).]
\scratchcounter=\count300
\scratchdimen=\dimen173
\scratchbox=\box61
\nofMPsegments=\count301
\nofMParguments=\count302
\everyMPshowfont=\toks40
\MPscratchCnt=\count303
\MPscratchDim=\dimen174
\MPnumerator=\count304
\makeMPintoPDFobject=\count305
\everyMPtoPDFconversion=\toks41
)
(C:\Users\VISHNUTEJA SREEDHAR\AppData\Local\Programs\MiKTeX\tex/latex/epstopdf-
pkg\epstopdf-base.sty
Package: epstopdf-base 2020-01-24 v2.11 Base part for package epstopdf
Package epstopdf-base Info: Redefining graphics rule for `.eps' on input line 4
85.

(C:\Users\VISHNUTEJA SREEDHAR\AppData\Local\Programs\MiKTeX\tex/latex/00miktex\
epstopdf-sys.cfg
File: epstopdf-sys.cfg 2021/03/18 v2.0 Configuration of epstopdf for MiKTeX
))
Package hyperref Info: Link coloring ON on input line 46.

(C:\Users\VISHNUTEJA SREEDHAR\AppData\Local\Programs\MiKTeX\tex/latex/hyperref\
nameref.sty
Package: nameref 2021-04-02 v2.47 Cross-referencing by name of section

(C:\Users\VISHNUTEJA SREEDHAR\AppData\Local\Programs\MiKTeX\tex/latex/refcount\
refcount.sty
Package: refcount 2019/12/15 v3.6 Data extraction from label references (HO)
)
(C:\Users\VISHNUTEJA SREEDHAR\AppData\Local\Programs\MiKTeX\tex/generic/gettitl
estring\gettitlestring.sty
Package: gettitlestring 2019/12/15 v1.6 Cleanup title references (HO)
)
\c@section@level=\count306
)
LaTeX Info: Redefining \ref on input line 46.
LaTeX Info: Redefining \pageref on input line 46.
LaTeX Info: Redefining \nameref on input line 46.
 (report.out) (report.out)
\@outlinefile=\write4
\openout4 = `report.out'.


(C:\Users\VISHNUTEJA SREEDHAR\AppData\Local\Programs\MiKTeX\tex/latex/pdflscape
\pdflscape.sty
Package: pdflscape 2019/12/05 v0.12 Display of landscape pages in PDF (HO)

(C:\Users\VISHNUTEJA SREEDHAR\AppData\Local\Programs\MiKTeX\tex/latex/graphics\
lscape.sty
Package: lscape 2020/05/28 v3.02 Landscape Pages (DPC)
)
Package pdflscape Info: Auto-detected driver: pdftex on input line 81.
)
<FrontPage.pdf, id=181, 597.50829pt x 845.0471pt>
File: FrontPage.pdf Graphic file (type pdf)
<use FrontPage.pdf>
Package pdftex.def Info: FrontPage.pdf  used on input line 55.
(pdftex.def)             Requested size: 597.50682pt x 845.04504pt.
File: FrontPage.pdf Graphic file (type pdf)
<use FrontPage.pdf>
Package pdftex.def Info: FrontPage.pdf  used on input line 55.
(pdftex.def)             Requested size: 597.50682pt x 845.04504pt.
<FrontPage.pdf, id=184, page=1, 597.50829pt x 845.0471pt>
File: FrontPage.pdf Graphic file (type pdf)
<use FrontPage.pdf, page 1>
Package pdftex.def Info: FrontPage.pdf , page1 used on input line 55.
(pdftex.def)             Requested size: 597.50682pt x 845.04504pt.
File: FrontPage.pdf Graphic file (type pdf)
<use FrontPage.pdf, page 1>
Package pdftex.def Info: FrontPage.pdf , page1 used on input line 55.
(pdftex.def)             Requested size: 597.53416pt x 845.08372pt.
File: FrontPage.pdf Graphic file (type pdf)
<use FrontPage.pdf, page 1>
Package pdftex.def Info: FrontPage.pdf , page1 used on input line 55.
(pdftex.def)             Requested size: 597.53416pt x 845.08372pt.
File: FrontPage.pdf Graphic file (type pdf)
<use FrontPage.pdf, page 1>
Package pdftex.def Info: FrontPage.pdf , page1 used on input line 55.
(pdftex.def)             Requested size: 597.53416pt x 845.08372pt.
File: FrontPage.pdf Graphic file (type pdf)
<use FrontPage.pdf, page 1>
Package pdftex.def Info: FrontPage.pdf , page1 used on input line 55.
(pdftex.def)             Requested size: 597.53416pt x 845.08372pt.
 [1

 <./FrontPage.pdf{C:/Users/VISHNUTEJA SREEDHAR/AppData/Local/MiKTeX/pdftex/conf
ig/pdftex.map}>]
<FrontPage.pdf, id=225, page=2, 597.50829pt x 845.0471pt>
File: FrontPage.pdf Graphic file (type pdf)
<use FrontPage.pdf, page 2>
Package pdftex.def Info: FrontPage.pdf , page2 used on input line 55.
(pdftex.def)             Requested size: 597.53416pt x 845.08372pt.
File: FrontPage.pdf Graphic file (type pdf)
<use FrontPage.pdf, page 2>
Package pdftex.def Info: FrontPage.pdf , page2 used on input line 55.
(pdftex.def)             Requested size: 597.53416pt x 845.08372pt.
File: FrontPage.pdf Graphic file (type pdf)
<use FrontPage.pdf, page 2>
Package pdftex.def Info: FrontPage.pdf , page2 used on input line 55.
(pdftex.def)             Requested size: 597.53416pt x 845.08372pt.
 [2 <./FrontPage.pdf>]
\openout2 = `Declaration/declaration.aux'.


(Declaration/declaration.tex
<ThesisFigs//../ThesisFigs/College_logo.png, id=249, 89.6148pt x 89.133pt>
File: ThesisFigs//../ThesisFigs/College_logo.png Graphic file (type png)
<use ThesisFigs//../ThesisFigs/College_logo.png>
Package pdftex.def Info: ThesisFigs//../ThesisFigs/College_logo.png  used on in
put line 8.
(pdftex.def)             Requested size: 89.61458pt x 89.13277pt.
) [1

 <./ThesisFigs//../ThesisFigs/College_logo.png>]
\openout2 = `Acknowledgement/acknowledgement.aux'.

 (Acknowledgement/acknowledgement.tex [2



])
\openout2 = `Abstract/abstract.aux'.

 (Abstract/abstract.tex [3




])
(report.toc
LaTeX Font Info:    Trying to load font information for U+msa on input line 7.

(C:\Users\VISHNUTEJA SREEDHAR\AppData\Local\Programs\MiKTeX\tex/latex/amsfonts\
umsa.fd
File: umsa.fd 2013/01/14 v3.01 AMS symbols A
)
LaTeX Font Info:    Trying to load font information for U+msb on input line 7.

(C:\Users\VISHNUTEJA SREEDHAR\AppData\Local\Programs\MiKTeX\tex/latex/amsfonts\
umsb.fd
File: umsb.fd 2013/01/14 v3.01 AMS symbols B
) [4
\FN@pp@footnotehinttrue 

\FN@pp@footnotehinttrue 


])
\tf@toc=\write5
\openout5 = `report.toc'.

 [5] (report.lof)
\tf@lof=\write6
\openout6 = `report.lof'.

 [6


] (report.lot)
\tf@lot=\write7
\openout7 = `report.lot'.

 [7


]
\openout2 = `Introduction/introduction.aux'.

 (Introduction/introduction.tex
Chapter 1.
)pdfTeX warning (ext4): destination with the same identifier (name{page.1}) has
 been already used, duplicate ignored
<to be read again> 
                   \relax 
l.75 \include{Introduction/introduction}
                                         [1


]pdfTeX warning (ext4): destination with the same identifier (name{page.2}) has
 been already used, duplicate ignored
<to be read again> 
                   \relax 
l.75 \include{Introduction/introduction}
                                         [2]
\openout2 = `HighLevelDesign/highLevelDesign.aux'.


(HighLevelDesign/highLevelDesign.tex
Chapter 2.
[3




]) [4]
\openout2 = `DetailedDesign/detailedDesign.aux'.

 (DetailedDesign/detailedDesign.tex
Chapter 3.
[5




]) [6]
\openout2 = `Implementation/implementation.aux'.

 (Implementation/implementation.tex
Chapter 4.
) [7




] [8]
\openout2 = `Testing/testing.aux'.

 (Testing/testing.tex
Chapter 5.
[9




]) [10]
\openout2 = `ConclusionsFutureScope/conclusionsFutureScope.aux'.

 (ConclusionsFutureScope/conclusionsFutureScope.tex
Chapter 6.
) [11




]
\openout2 = `Appendix1/appendix1.aux'.

 (Appendix1/appendix1.tex
Appendix A.
) [12




]
\openout2 = `Appendix2/appendix2.aux'.

 (Appendix2/appendix2.tex
Appendix B.
) [13




] (report.bbl) [14


\FN@pp@footnotehinttrue 



] (report.aux (Declaration/declaration.aux)
(Acknowledgement/acknowledgement.aux) (Abstract/abstract.aux)
(Introduction/introduction.aux) (HighLevelDesign/highLevelDesign.aux)
(DetailedDesign/detailedDesign.aux) (Implementation/implementation.aux)
(Testing/testing.aux) (ConclusionsFutureScope/conclusionsFutureScope.aux)
(Appendix1/appendix1.aux) (Appendix2/appendix2.aux))
Package rerunfilecheck Info: File `report.out' has not changed.
(rerunfilecheck)             Checksum: 586DF2AA5ED7402DC7C07DDD087A94B8;8320.
 ) 
Here is how much of TeX's memory you used:
 13772 strings out of 478907
 221009 string characters out of 2845219
 580090 words of memory out of 3000000
 31195 multiletter control sequences out of 15000+600000
 415711 words of font info for 55 fonts, out of 8000000 for 9000
 1141 hyphenation exceptions out of 8191
 125i,17n,122p,535b,587s stack positions out of 5000i,500n,10000p,200000b,80000s
 <C:\Users\VISHNUTEJA SREEDHAR\AppData\Local\MiKTeX\fonts/pk/ljfour/jknappen/
ec/dpi600\ecti1200.pk> <C:\Users\VISHNUTEJA SREEDHAR\AppData\Local\MiKTeX\fonts
/pk/ljfour/jknappen/ec/dpi600\ecbx2488.pk> <C:\Users\VISHNUTEJA SREEDHAR\AppDat
a\Local\MiKTeX\fonts/pk/ljfour/jknappen/ec/dpi600\ecbx1728.pk> <C:\Users\VISHNU
TEJA SREEDHAR\AppData\Local\MiKTeX\fonts/pk/ljfour/jknappen/ec/dpi600\ecbx1200.
pk> <C:\Users\VISHNUTEJA SREEDHAR\AppData\Local\MiKTeX\fonts/pk/ljfour/jknappen
/ec/dpi600\ecrm1200.pk> <C:\Users\VISHNUTEJA SREEDHAR\AppData\Local\MiKTeX\font
s/pk/ljfour/jknappen/ec/dpi600\ecbx2074.pk> <C:\Users\VISHNUTEJA SREEDHAR\AppDa
ta\Local\MiKTeX\fonts/pk/ljfour/jknappen/ec/dpi600\ecbx1440.pk><C:/Users/VISHNU
TEJA SREEDHAR/AppData/Local/Programs/MiKTeX/fonts/type1/public/amsfonts/cm/cmbx
10.pfb><C:/Users/VISHNUTEJA SREEDHAR/AppData/Local/Programs/MiKTeX/fonts/type1/
public/amsfonts/cm/cmbx12.pfb><C:/Users/VISHNUTEJA SREEDHAR/AppData/Local/Progr
ams/MiKTeX/fonts/type1/public/amsfonts/cm/cmbx9.pfb><C:/Users/VISHNUTEJA SREEDH
AR/AppData/Local/Programs/MiKTeX/fonts/type1/public/amsfonts/cm/cmbxti10.pfb><C
:/Users/VISHNUTEJA SREEDHAR/AppData/Local/Programs/MiKTeX/fonts/type1/public/am
sfonts/cm/cmr10.pfb><C:/Users/VISHNUTEJA SREEDHAR/AppData/Local/Programs/MiKTeX
/fonts/type1/public/amsfonts/cm/cmr12.pfb><C:/Users/VISHNUTEJA SREEDHAR/AppData
/Local/Programs/MiKTeX/fonts/type1/public/amsfonts/cm/cmr17.pfb><C:/Users/VISHN
UTEJA SREEDHAR/AppData/Local/Programs/MiKTeX/fonts/type1/public/amsfonts/cm/cmt
i10.pfb>
Output written on report.pdf (23 pages, 553694 bytes).
PDF statistics:
 740 PDF objects out of 1000 (max. 8388607)
 74 named destinations out of 1000 (max. 500000)
 391 words of extra memory for PDF output out of 10000 (max. 10000000)

