\BOOKMARK [0][]{Doc-Start}{\376\377\000A\000c\000k\000n\000o\000w\000l\000e\000d\000g\000e\000m\000e\000n\000t\000s}{}% 1
\BOOKMARK [0][]{Doc-Start}{\376\377\000A\000b\000s\000t\000r\000a\000c\000t}{}% 2
\BOOKMARK [0][]{chapter*.1}{\376\377\000L\000i\000s\000t\000\040\000o\000f\000\040\000F\000i\000g\000u\000r\000e\000s}{}% 3
\BOOKMARK [0][]{chapter*.2}{\376\377\000L\000i\000s\000t\000\040\000o\000f\000\040\000T\000a\000b\000l\000e\000s}{}% 4
\BOOKMARK [0][]{chapter.1}{\376\377\0001\000\040\000I\000n\000t\000r\000o\000d\000u\000c\000t\000i\000o\000n}{}% 5
\BOOKMARK [1][]{section.1.1}{\376\377\0001\000.\0001\000\040\000B\000a\000c\000k\000g\000r\000o\000u\000n\000d\000\040\000S\000t\000u\000d\000y}{chapter.1}% 6
\BOOKMARK [1][]{section.1.2}{\376\377\0001\000.\0002\000\040\000R\000e\000l\000a\000t\000e\000d\000\040\000W\000o\000r\000k\000s}{chapter.1}% 7
\BOOKMARK [1][]{section.1.3}{\376\377\0001\000.\0003\000\040\000S\000u\000m\000m\000a\000r\000y\000\040\000o\000f\000\040\000G\000a\000p\000s\000\040\000i\000d\000e\000n\000t\000i\000f\000i\000e\000d\000\040\000\050\000o\000p\000t\000i\000o\000n\000a\000l\000\051}{chapter.1}% 8
\BOOKMARK [1][]{section.1.4}{\376\377\0001\000.\0004\000\040\000P\000r\000o\000j\000e\000c\000t\000\040\000P\000r\000o\000b\000l\000e\000m\000\040\000S\000t\000a\000t\000e\000m\000e\000n\000t\000\040\000a\000n\000d\000\040\000O\000b\000j\000e\000c\000t\000i\000v\000e\000s\000\040\000\050\000i\000n\000\040\000d\000e\000t\000a\000i\000l\000\051}{chapter.1}% 9
\BOOKMARK [1][]{section.1.5}{\376\377\0001\000.\0005\000\040\000O\000r\000g\000a\000n\000i\000z\000a\000t\000i\000o\000n\000\040\000o\000f\000\040\000t\000h\000e\000\040\000R\000e\000p\000o\000r\000t}{chapter.1}% 10
\BOOKMARK [0][]{chapter.2}{\376\377\0002\000\040\000H\000i\000g\000h\000-\000l\000e\000v\000e\000l\000\040\000D\000e\000s\000i\000g\000n}{}% 11
\BOOKMARK [1][]{section.2.1}{\376\377\0002\000.\0001\000\040\000S\000o\000f\000t\000w\000a\000r\000e\000\040\000d\000e\000v\000e\000l\000o\000p\000m\000e\000n\000t\000\040\000m\000e\000t\000h\000o\000d\000o\000l\000o\000g\000y}{chapter.2}% 12
\BOOKMARK [1][]{section.2.2}{\376\377\0002\000.\0002\000\040\000A\000r\000c\000h\000i\000t\000e\000c\000t\000u\000r\000e}{chapter.2}% 13
\BOOKMARK [1][]{section.2.3}{\376\377\0002\000.\0003\000\040\000M\000o\000d\000u\000l\000e\000s\000\040\000D\000e\000s\000c\000r\000i\000p\000t\000i\000o\000n\000\040\000\050\000o\000p\000t\000i\000o\000n\000a\000l\000\051}{chapter.2}% 14
\BOOKMARK [1][]{section.2.4}{\376\377\0002\000.\0004\000\040\000F\000u\000n\000c\000t\000i\000o\000n\000a\000l\000\040\000R\000e\000q\000u\000i\000r\000e\000m\000e\000n\000t\000s}{chapter.2}% 15
\BOOKMARK [2][]{subsection.2.4.1}{\376\377\0002\000.\0004\000.\0001\000\040\000N\000a\000m\000e\000\040\000o\000f\000\040\000t\000h\000e\000\040\000f\000u\000n\000c\000t\000i\000o\000n\000\040\000\050\000e\000.\000g\000.\000,\000\040\000s\000e\000a\000r\000c\000h\000\040\000A\000r\000t\000i\000c\000l\000e\000,\000\040\000R\000e\000m\000o\000v\000e\000\040\000A\000r\000t\000i\000c\000l\000e\000,\000\040\000A\000d\000d\000\040\000R\000e\000c\000o\000r\000d\000\051}{section.2.4}% 16
\BOOKMARK [2][]{subsection.2.4.2}{\376\377\0002\000.\0004\000.\0002\000\040\000N\000a\000m\000e\000\040\000o\000f\000\040\000t\000h\000e\000\040\000f\000u\000n\000c\000t\000i\000o\000n}{section.2.4}% 17
\BOOKMARK [0][]{chapter.3}{\376\377\0003\000\040\000D\000e\000t\000a\000i\000l\000e\000d\000\040\000D\000e\000s\000i\000g\000n}{}% 18
\BOOKMARK [1][]{section.3.1}{\376\377\0003\000.\0001\000\040\000I\000n\000t\000e\000r\000f\000a\000c\000e\000\040\000d\000e\000s\000i\000g\000n}{chapter.3}% 19
\BOOKMARK [1][]{section.3.2}{\376\377\0003\000.\0002\000\040\000D\000a\000t\000a\000\040\000S\000t\000r\000u\000c\000t\000u\000r\000e\000s\000\040\000a\000n\000d\000\040\000A\000l\000g\000o\000r\000i\000t\000h\000m\000s}{chapter.3}% 20
\BOOKMARK [2][]{subsection.3.2.1}{\376\377\0003\000.\0002\000.\0001\000\040\000F\000u\000n\000c\000t\000i\000o\000n\000\040\000N\000a\000m\000e\0001}{section.3.2}% 21
\BOOKMARK [2][]{subsection.3.2.2}{\376\377\0003\000.\0002\000.\0002\000\040\000F\000u\000n\000c\000t\000i\000o\000n\000\040\000N\000a\000m\000e\0002}{section.3.2}% 22
\BOOKMARK [1][]{section.3.3}{\376\377\0003\000.\0003\000\040\000U\000M\000L\000\040\000d\000i\000a\000g\000r\000a\000m\000s\000\040\000w\000i\000t\000h\000\040\000d\000i\000s\000c\000u\000s\000s\000i\000o\000n\000s}{chapter.3}% 23
\BOOKMARK [1][]{section.3.4}{\376\377\0003\000.\0004\000\040\000D\000a\000t\000a\000\040\000S\000o\000u\000r\000c\000e\000/\000D\000a\000t\000a\000b\000a\000s\000e\000\040\000u\000s\000e\000d\000\040\000a\000n\000d\000\040\000F\000o\000r\000m\000a\000t\000s}{chapter.3}% 24
\BOOKMARK [0][]{chapter.4}{\376\377\0004\000\040\000I\000m\000p\000l\000e\000m\000e\000n\000t\000a\000t\000i\000o\000n}{}% 25
\BOOKMARK [1][]{section.4.1}{\376\377\0004\000.\0001\000\040\000T\000o\000o\000l\000s\000\040\000a\000n\000d\000\040\000T\000e\000c\000h\000n\000o\000l\000o\000g\000i\000e\000s}{chapter.4}% 26
\BOOKMARK [2][]{subsection.4.1.1}{\376\377\0004\000.\0001\000.\0001\000\040\000N\000a\000m\000e\0001}{section.4.1}% 27
\BOOKMARK [2][]{subsection.4.1.2}{\376\377\0004\000.\0001\000.\0002\000\040\000N\000a\000m\000e\0002}{section.4.1}% 28
\BOOKMARK [1][]{section.4.2}{\376\377\0004\000.\0002\000\040\000E\000x\000p\000e\000r\000i\000m\000e\000n\000t\000a\000l\000\040\000S\000e\000t\000u\000p}{chapter.4}% 29
\BOOKMARK [1][]{section.4.3}{\376\377\0004\000.\0003\000\040\000C\000o\000d\000i\000n\000g\000\040\000S\000t\000a\000n\000d\000a\000r\000d\000s\000\040\000f\000o\000l\000l\000o\000w\000e\000d}{chapter.4}% 30
\BOOKMARK [1][]{section.4.4}{\376\377\0004\000.\0004\000\040\000C\000o\000d\000e\000\040\000I\000n\000t\000e\000g\000r\000a\000t\000i\000o\000n\000\040\000d\000e\000t\000a\000i\000l\000s}{chapter.4}% 31
\BOOKMARK [1][]{section.4.5}{\376\377\0004\000.\0005\000\040\000I\000m\000p\000l\000e\000m\000e\000n\000t\000a\000t\000i\000o\000n\000\040\000w\000o\000r\000k\000\040\000f\000l\000o\000w}{chapter.4}% 32
\BOOKMARK [1][]{section.4.6}{\376\377\0004\000.\0006\000\040\000E\000x\000e\000c\000u\000t\000i\000o\000n\000\040\000R\000e\000s\000u\000l\000t\000s\000\040\000a\000n\000d\000\040\000D\000i\000s\000c\000u\000s\000s\000i\000o\000n\000s}{chapter.4}% 33
\BOOKMARK [1][]{section.4.7}{\376\377\0004\000.\0007\000\040\000N\000o\000n\000-\000f\000u\000n\000c\000t\000i\000o\000n\000a\000l\000\040\000r\000e\000q\000u\000i\000r\000e\000m\000e\000n\000t\000s\000\040\000r\000e\000s\000u\000l\000t\000s}{chapter.4}% 34
\BOOKMARK [0][]{chapter.5}{\376\377\0005\000\040\000T\000e\000s\000t\000i\000n\000g}{}% 35
\BOOKMARK [1][]{section.5.1}{\376\377\0005\000.\0001\000\040\000T\000e\000s\000t\000\040\000w\000o\000r\000k\000f\000l\000o\000w}{chapter.5}% 36
\BOOKMARK [2][]{subsection.5.1.1}{\376\377\0005\000.\0001\000.\0001\000\040\000N\000a\000m\000e\000\040\000o\000f\000\040\000t\000h\000e\000\040\000t\000e\000s\000t\0001}{section.5.1}% 37
\BOOKMARK [2][]{subsection.5.1.2}{\376\377\0005\000.\0001\000.\0002\000\040\000N\000a\000m\000e\000\040\000o\000f\000\040\000t\000h\000e\000\040\000t\000e\000s\000t\0002}{section.5.1}% 38
\BOOKMARK [1][]{section.5.2}{\376\377\0005\000.\0002\000\040\000T\000e\000s\000t\000\040\000c\000a\000s\000e\000\040\000d\000e\000t\000a\000i\000l\000s}{chapter.5}% 39
\BOOKMARK [2][]{subsection.5.2.1}{\376\377\0005\000.\0002\000.\0001\000\040\000T\000e\000s\000t\000\040\000c\000a\000s\000e\000\040\000i\000d\000:}{section.5.2}% 40
\BOOKMARK [2][]{subsection.5.2.2}{\376\377\0005\000.\0002\000.\0002\000\040\000T\000e\000s\000t\000\040\000c\000a\000s\000e\000\040\000i\000d\000:}{section.5.2}% 41
\BOOKMARK [0][]{chapter.6}{\376\377\0006\000\040\000C\000o\000n\000c\000l\000u\000s\000i\000o\000n\000s\000\040\000a\000n\000d\000\040\000F\000u\000t\000u\000r\000e\000\040\000S\000c\000o\000p\000e}{}% 42
\BOOKMARK [0][]{appendix.A}{\376\377\000A\000\040\000T\000i\000t\000l\000e\000\040\000o\000f\000\040\000A\000p\000p\000e\000n\000d\000i\000x\000-\000A}{}% 43
\BOOKMARK [0][]{appendix.B}{\376\377\000B\000\040\000T\000i\000t\000l\000e\000\040\000o\000f\000\040\000A\000p\000p\000e\000n\000d\000i\000x\000-\000B}{}% 44
\BOOKMARK [0][]{appendix.B}{\376\377\000B\000i\000b\000l\000i\000o\000g\000r\000a\000p\000h\000y}{}% 45
